ifarmBatch1> ls -ltr
total 3744536
-rw-r--r-- 1 ellie enp          0 Feb 26 16:54 job.err
-rw-r--r-- 1 ellie enp       7952 Feb 26 16:54 hand_class_bar_th_cuts.h
-rw-r--r-- 1 ellie enp       5983 Feb 26 16:54 hand_class_draw_tof_nu.h
-rw-r--r-- 1 ellie enp       7200 Feb 26 16:54 hand_class_draw_basic.h
-rw-r--r-- 1 ellie enp       2777 Feb 26 16:54 hand_class_draw_bar_by_bar_cuts.h
-rw-r--r-- 1 ellie enp      13454 Feb 26 16:54 hand_class_basic_cuts.h
-rw-r--r-- 1 ellie enp      48330 Feb 26 16:54 hand_draw.h
-rw-r--r-- 1 ellie enp      49489 Feb 26 16:54 hand_class_veto_cuts2.h
-rw-r--r-- 1 ellie enp      50420 Feb 26 16:54 hand_class_veto_cuts.h
-rw-r--r-- 1 ellie enp      13431 Feb 26 16:54 hand_class_fill_good_events.h
-rw-r--r-- 1 ellie enp       4460 Feb 26 16:54 hand_class_fill_bar_by_bar_cuts.h
-rw-r--r-- 1 ellie enp      51601 Feb 26 16:54 neutron_analysis_class.cxx
-rw-r--r-- 1 ellie enp       2641 Feb 26 16:54 make_target_asymmetry_class_files.C
-rw-r--r-- 1 ellie enp 1513426267 Feb 26 16:55 e05102_R_20499.root
-rw-r--r-- 1 ellie enp       1726 Feb 26 16:55 job.out
-rw-r--r-- 1 ellie enp 1515063555 Feb 26 16:55 e05102_R_20499_1.root
-rw-r--r-- 1 ellie enp  805619280 Feb 26 16:55 e05102_R_20499_2.root
drwxr-xr-x 2 ellie enp         23 Feb 26 16:55 src
-rw-r--r-- 1 ellie enp          6 Feb 26 16:55 input.file
ifarmBatch2> analyzer  ./make_target_asymmetry_class_files.C >>& /w/halla-1/e05102/ellie/batch/results/output_140226_16:51:03/text_for_run_20499.out
  ************************************************
  *                                              *
  *            W E L C O M E  to  the            *
  *       H A L L A   C++  A N A L Y Z E R       *
  *                                              *
  *        Release     1.5.23        Feb 12 2014 *
  *  Based on ROOT  5.34/13          Nov 30 2013 *
  *                                              *
  *            For information visit             *
  *        http://hallaweb.jlab.org/root/        *
  *                                              *
  ************************************************

CINT/ROOT C/C++ Interpreter version 5.18.00, July 2, 2010
Type ? for help. Commands must be C++ statements.
Enclose multiple statements between { }.

Processing ./make_target_asymmetry_class_files.C...
Running make_target_asymmetry_class_files...
HeRunNumber: 20499
Adding file to chainHe: ./e05102_R_20499.root
Adding file to chainHe: ./e05102_R_20499_1.root
Adding file to chainHe: ./e05102_R_20499_2.root
File ./e05102_R_20499_3.root does not exist. Ending here.
Running neutron_analysis_class...
Error in <TTreePlayer::MakeClass>: The branch named R_sv_x (full path name: R_sv_x) is hidden by another branch of the same name and its data will not be loaded.
Error in <TTreePlayer::MakeClass>: The branch named R_sv_y (full path name: R_sv_y) is hidden by another branch of the same name and its data will not be loaded.
Error in <TTreePlayer::MakeClass>: The branch named IsReftHelicity (full path name: IsReftHelicity) is hidden by another branch of the same name and its data will not be loaded.
Error in <TTreePlayer::MakeClass>: The branch named IsRightHelicity (full path name: IsRightHelicity) is hidden by another branch of the same name and its data will not be loaded.
Error in <TTreePlayer::MakeClass>: The branch named InclusiveEvt (full path name: InclusiveEvt) is hidden by another branch of the same name and its data will not be loaded.
Error in <TTreePlayer::MakeClass>: The branch named GoodRTrack (full path name: GoodRTrack) is hidden by another branch of the same name and its data will not be loaded.
Error in <TTreePlayer::MakeClass>: The branch named GoodElectron (full path name: GoodElectron) is hidden by another branch of the same name and its data will not be loaded.
Error in <TTreePlayer::MakeClass>: The branch named InclCut (full path name: InclCut) is hidden by another branch of the same name and its data will not be loaded.
Error in <TTreePlayer::MakeClass>: The branch named InvMass (full path name: InvMass) is hidden by another branch of the same name and its data will not be loaded.
Error in <TTreePlayer::MakeClass>: The branch named ScaAngle (full path name: ScaAngle) is hidden by another branch of the same name and its data will not be loaded.
Info in <TTreePlayer::MakeClass>: Files: neutron_analysis_class.h and neutron_analysis_class.C generated from TTree: T
Loading target_asymmetry_analysis_class.*...
Function make_target_asymmetry_class_files() busy. loaded after "/scratch/pbs/5014923.farmpbs.jlab.org/././make_target_asymmetry_class_files.C"
Error: G__unloadfile() Can not unload "/scratch/pbs/5014923.farmpbs.jlab.org/././make_target_asymmetry_class_files.C", file busy  /scratch/pbs/5014923.farmpbs.jlab.org/././make_target_asymmetry_class_files.C:57:
*** Interpreter error recovered ***
Defining neutron_analsis_class ...
Running m.AsymLoop(1)...
vvvvvvvvvvvvvvvvvvvvv neutron_analysis_class.C vvvvvvvvvvvvvvvvvvvvvv
Warning: Automatic variable eventType is allocated neutron_analysis_class.cxx:30:
Data, with NO veto cuts (protons + neutrons + other stuff) -- NO TDC CUT -- NO inGoodBar CUT
Other: Nothing Special...
Asym Type: ssa
HeRunNumber: 20499
Adding files to chain...
Adding file to chainHe: ./e05102_R_20499.root
Adding file to chainHe: ./e05102_R_20499_1.root
Adding file to chainHe: ./e05102_R_20499_2.root
File ./e05102_R_20499_3.root does not exist. Ending here.
Starting with default, Unknown Q2 dataset...
Processing Vertically polarized, Q2=0.1 dataset...
Defining Bar-by-Bar Histograms...
Processing cuts event-by-event...
Number of events: 2092552
maxentries = 2092552
No Vetos - Processing Event 0...
No Vetos - Processing Event 10000...
No Vetos - Processing Event 20000...
No Vetos - Processing Event 30000...
No Vetos - Processing Event 40000...
No Vetos - Processing Event 50000...
No Vetos - Processing Event 60000...
No Vetos - Processing Event 70000...
No Vetos - Processing Event 80000...
No Vetos - Processing Event 90000...
No Vetos - Processing Event 100000...
No Vetos - Processing Event 110000...
No Vetos - Processing Event 120000...
No Vetos - Processing Event 130000...
No Vetos - Processing Event 140000...
No Vetos - Processing Event 150000...
No Vetos - Processing Event 160000...
No Vetos - Processing Event 170000...
No Vetos - Processing Event 180000...
No Vetos - Processing Event 190000...
No Vetos - Processing Event 200000...
No Vetos - Processing Event 210000...
No Vetos - Processing Event 220000...
No Vetos - Processing Event 230000...
No Vetos - Processing Event 240000...
No Vetos - Processing Event 250000...
No Vetos - Processing Event 260000...
No Vetos - Processing Event 270000...
No Vetos - Processing Event 280000...
No Vetos - Processing Event 290000...
No Vetos - Processing Event 300000...
No Vetos - Processing Event 310000...
No Vetos - Processing Event 320000...
No Vetos - Processing Event 330000...
No Vetos - Processing Event 340000...
No Vetos - Processing Event 350000...
No Vetos - Processing Event 360000...
No Vetos - Processing Event 370000...
No Vetos - Processing Event 380000...
No Vetos - Processing Event 390000...
No Vetos - Processing Event 400000...
No Vetos - Processing Event 410000...
No Vetos - Processing Event 420000...
No Vetos - Processing Event 430000...
No Vetos - Processing Event 440000...
No Vetos - Processing Event 450000...
No Vetos - Processing Event 460000...
No Vetos - Processing Event 470000...
No Vetos - Processing Event 480000...
No Vetos - Processing Event 490000...
No Vetos - Processing Event 500000...
No Vetos - Processing Event 510000...
No Vetos - Processing Event 520000...
No Vetos - Processing Event 530000...
No Vetos - Processing Event 540000...
No Vetos - Processing Event 550000...
No Vetos - Processing Event 560000...
No Vetos - Processing Event 570000...
No Vetos - Processing Event 580000...
No Vetos - Processing Event 590000...
No Vetos - Processing Event 600000...
No Vetos - Processing Event 610000...
No Vetos - Processing Event 620000...
No Vetos - Processing Event 630000...
No Vetos - Processing Event 640000...
No Vetos - Processing Event 650000...
No Vetos - Processing Event 660000...
No Vetos - Processing Event 670000...
No Vetos - Processing Event 680000...
No Vetos - Processing Event 690000...
No Vetos - Processing Event 700000...
No Vetos - Processing Event 710000...
No Vetos - Processing Event 720000...
No Vetos - Processing Event 730000...
No Vetos - Processing Event 740000...
No Vetos - Processing Event 750000...
No Vetos - Processing Event 760000...
No Vetos - Processing Event 770000...
No Vetos - Processing Event 780000...
No Vetos - Processing Event 790000...
No Vetos - Processing Event 800000...
No Vetos - Processing Event 810000...
No Vetos - Processing Event 820000...
No Vetos - Processing Event 830000...
No Vetos - Processing Event 840000...
No Vetos - Processing Event 850000...
No Vetos - Processing Event 860000...
No Vetos - Processing Event 870000...
No Vetos - Processing Event 880000...
No Vetos - Processing Event 890000...
No Vetos - Processing Event 900000...
No Vetos - Processing Event 910000...
No Vetos - Processing Event 920000...
No Vetos - Processing Event 930000...
No Vetos - Processing Event 940000...
No Vetos - Processing Event 950000...
No Vetos - Processing Event 960000...
No Vetos - Processing Event 970000...
No Vetos - Processing Event 980000...
No Vetos - Processing Event 990000...
No Vetos - Processing Event 1000000...
No Vetos - Processing Event 1010000...
No Vetos - Processing Event 1020000...
No Vetos - Processing Event 1030000...
No Vetos - Processing Event 1040000...
No Vetos - Processing Event 1050000...
No Vetos - Processing Event 1060000...
No Vetos - Processing Event 1070000...
No Vetos - Processing Event 1080000...
No Vetos - Processing Event 1090000...
No Vetos - Processing Event 1100000...
No Vetos - Processing Event 1110000...
No Vetos - Processing Event 1120000...
No Vetos - Processing Event 1130000...
No Vetos - Processing Event 1140000...
No Vetos - Processing Event 1150000...
No Vetos - Processing Event 1160000...
No Vetos - Processing Event 1170000...
No Vetos - Processing Event 1180000...
No Vetos - Processing Event 1190000...
No Vetos - Processing Event 1200000...
No Vetos - Processing Event 1210000...
No Vetos - Processing Event 1220000...
No Vetos - Processing Event 1230000...
No Vetos - Processing Event 1240000...
No Vetos - Processing Event 1250000...
No Vetos - Processing Event 1260000...
No Vetos - Processing Event 1270000...
No Vetos - Processing Event 1280000...
No Vetos - Processing Event 1290000...
No Vetos - Processing Event 1300000...
No Vetos - Processing Event 1310000...
No Vetos - Processing Event 1320000...
No Vetos - Processing Event 1330000...
No Vetos - Processing Event 1340000...
No Vetos - Processing Event 1350000...
No Vetos - Processing Event 1360000...
No Vetos - Processing Event 1370000...
No Vetos - Processing Event 1380000...
No Vetos - Processing Event 1390000...
No Vetos - Processing Event 1400000...
No Vetos - Processing Event 1410000...
No Vetos - Processing Event 1420000...
No Vetos - Processing Event 1430000...
No Vetos - Processing Event 1440000...
No Vetos - Processing Event 1450000...
No Vetos - Processing Event 1460000...
No Vetos - Processing Event 1470000...
No Vetos - Processing Event 1480000...
No Vetos - Processing Event 1490000...
No Vetos - Processing Event 1500000...
No Vetos - Processing Event 1510000...
No Vetos - Processing Event 1520000...
No Vetos - Processing Event 1530000...
No Vetos - Processing Event 1540000...
No Vetos - Processing Event 1550000...
No Vetos - Processing Event 1560000...
No Vetos - Processing Event 1570000...
No Vetos - Processing Event 1580000...
No Vetos - Processing Event 1590000...
No Vetos - Processing Event 1600000...
No Vetos - Processing Event 1610000...
No Vetos - Processing Event 1620000...
No Vetos - Processing Event 1630000...
No Vetos - Processing Event 1640000...
No Vetos - Processing Event 1650000...
No Vetos - Processing Event 1660000...
No Vetos - Processing Event 1670000...
No Vetos - Processing Event 1680000...
No Vetos - Processing Event 1690000...
No Vetos - Processing Event 1700000...
No Vetos - Processing Event 1710000...
No Vetos - Processing Event 1720000...
No Vetos - Processing Event 1730000...
No Vetos - Processing Event 1740000...
No Vetos - Processing Event 1750000...
No Vetos - Processing Event 1760000...
No Vetos - Processing Event 1770000...
No Vetos - Processing Event 1780000...
No Vetos - Processing Event 1790000...
No Vetos - Processing Event 1800000...
No Vetos - Processing Event 1810000...
No Vetos - Processing Event 1820000...
No Vetos - Processing Event 1830000...
No Vetos - Processing Event 1840000...
No Vetos - Processing Event 1850000...
No Vetos - Processing Event 1860000...
No Vetos - Processing Event 1870000...
No Vetos - Processing Event 1880000...
No Vetos - Processing Event 1890000...
No Vetos - Processing Event 1900000...
No Vetos - Processing Event 1910000...
No Vetos - Processing Event 1920000...
No Vetos - Processing Event 1930000...
No Vetos - Processing Event 1940000...
No Vetos - Processing Event 1950000...
No Vetos - Processing Event 1960000...
No Vetos - Processing Event 1970000...
No Vetos - Processing Event 1980000...
No Vetos - Processing Event 1990000...
No Vetos - Processing Event 2000000...
No Vetos - Processing Event 2010000...
No Vetos - Processing Event 2020000...
No Vetos - Processing Event 2030000...
No Vetos - Processing Event 2040000...
No Vetos - Processing Event 2050000...
No Vetos - Processing Event 2060000...
No Vetos - Processing Event 2070000...
No Vetos - Processing Event 2080000...
No Vetos - Processing Event 2090000...
allEvents: 2092552
goodEvents: 2003353
vvvvvvvvvvvvvvvvvvvvvvv hand_class_draw_basic.h vvvvvvvvvvvvvvvvvvvvvvvvvvvvvvvv
Drawing dp Cut, Run 20499...
Drawing Target Cut...
Drawing Theta and Phi Cut...
Drawing Preshower/Shower, No Cut...
Drawing Q2 and Nu...
Drawing Cerenkov Cut...
Drawing Preshower/Shower with All Cut...
Drawing Bjorken x ...
^^^^^^^^^^^^^^^^^^^^^^^ hand_class_draw_basic.h ^^^^^^^^^^^^^^^^^^^^^^^^^^^^^^^^
vvvvvvvvvvvvvvvvvvvvvvv hand_class_draw_tof_nu.h vvvvvvvvvvvvvvvvvvvvvvvvvvvvvvv
Making ToFCanvas_Total
^^^^^^^^^^^^^^^^^^^^^^^ hand_class_draw_tof_nu.h ^^^^^^^^^^^^^^^^^^^^^^^^^^^^^^^
vvvvvvvvvvvvvvvvvvvvvvv hand_class_draw_tof_nu.h vvvvvvvvvvvvvvvvvvvvvvvvvvvvvvv
Making ToFCanvas_bin_1
^^^^^^^^^^^^^^^^^^^^^^^ hand_class_draw_tof_nu.h ^^^^^^^^^^^^^^^^^^^^^^^^^^^^^^^
vvvvvvvvvvvvvvvvvvvvvvv hand_class_draw_tof_nu.h vvvvvvvvvvvvvvvvvvvvvvvvvvvvvvv
Making ToFCanvas_bin_2
^^^^^^^^^^^^^^^^^^^^^^^ hand_class_draw_tof_nu.h ^^^^^^^^^^^^^^^^^^^^^^^^^^^^^^^
vvvvvvvvvvvvvvvvvvvvvvv hand_class_draw_tof_nu.h vvvvvvvvvvvvvvvvvvvvvvvvvvvvvvv
Making ToFCanvas_bin_3
^^^^^^^^^^^^^^^^^^^^^^^ hand_class_draw_tof_nu.h ^^^^^^^^^^^^^^^^^^^^^^^^^^^^^^^
vvvvvvvvvvvvvvvvvvvvvvv hand_class_draw_tof_nu.h vvvvvvvvvvvvvvvvvvvvvvvvvvvvvvv
Making ToFCanvas_bin_4
^^^^^^^^^^^^^^^^^^^^^^^ hand_class_draw_tof_nu.h ^^^^^^^^^^^^^^^^^^^^^^^^^^^^^^^
vvvvvvvvvvvvvvvvvvvvvvv hand_class_draw_tof_nu.h vvvvvvvvvvvvvvvvvvvvvvvvvvvvvvv
Making ToFCanvas_bin_5
^^^^^^^^^^^^^^^^^^^^^^^ hand_class_draw_tof_nu.h ^^^^^^^^^^^^^^^^^^^^^^^^^^^^^^^
vvvvvvvvvvvvvvvvvvvvvvv hand_class_draw_tof_nu.h vvvvvvvvvvvvvvvvvvvvvvvvvvvvvvv
Making ToFCanvas_bin_6
^^^^^^^^^^^^^^^^^^^^^^^ hand_class_draw_tof_nu.h ^^^^^^^^^^^^^^^^^^^^^^^^^^^^^^^
vvvvvvvvvvvvvvvvvvvvvvv hand_class_draw_tof_nu.h vvvvvvvvvvvvvvvvvvvvvvvvvvvvvvv
Making ToFCanvas_bin_7
^^^^^^^^^^^^^^^^^^^^^^^ hand_class_draw_tof_nu.h ^^^^^^^^^^^^^^^^^^^^^^^^^^^^^^^
vvvvvvvvvvvvvvvvvvvvvvv hand_class_draw_tof_nu.h vvvvvvvvvvvvvvvvvvvvvvvvvvvvvvv
Making ToFCanvas_bin_8
^^^^^^^^^^^^^^^^^^^^^^^ hand_class_draw_tof_nu.h ^^^^^^^^^^^^^^^^^^^^^^^^^^^^^^^
vvvvvvvvvvvvvvvvvvvvvvv hand_class_draw_tof_nu.h vvvvvvvvvvvvvvvvvvvvvvvvvvvvvvv
Making ToFCanvas_bin_9
^^^^^^^^^^^^^^^^^^^^^^^ hand_class_draw_tof_nu.h ^^^^^^^^^^^^^^^^^^^^^^^^^^^^^^^
vvvvvvvvvvvvvvvvvvvvvvv hand_class_draw_tof_nu.h vvvvvvvvvvvvvvvvvvvvvvvvvvvvvvv
Making ToFCanvas_bin_10
^^^^^^^^^^^^^^^^^^^^^^^ hand_class_draw_tof_nu.h ^^^^^^^^^^^^^^^^^^^^^^^^^^^^^^^
Vetos are NOT included
Data, with NO veto cuts (protons + neutrons + other stuff) -- NO TDC CUT -- NO inGoodBar CUT
Other: Nothing Special...
Asym Type: ssa
This program has run for 106356 seconds (1 Days, 5 Hours, 32 Minutes, and 36 Seconds)

All done!

^^^^^^^^^^^^^^^^^^^^^ neutron_analysis_class.C ^^^^^^^^^^^^^^^^^^^^^^
m.AsymLoop(1) ran successfully!
Running m.AsymLoop(2)...
vvvvvvvvvvvvvvvvvvvvv neutron_analysis_class.C vvvvvvvvvvvvvvvvvvvvvv
Warning: Automatic variable eventType is allocated neutron_analysis_class.cxx:31:
Data, with Neutron Vetoes -- NO TDC CUT -- NO inGoodBar CUT
Other: Nothing Special...
Asym Type: ssa
HeRunNumber: 20499
Adding files to chain...
Adding file to chainHe: ./e05102_R_20499.root
Adding file to chainHe: ./e05102_R_20499_1.root
Adding file to chainHe: ./e05102_R_20499_2.root
File ./e05102_R_20499_3.root does not exist. Ending here.
Starting with default, Unknown Q2 dataset...
Processing Vertically polarized, Q2=0.1 dataset...
Warning in <TROOT::Append>: Replacing existing TH1: HedpNoCut (Potential memory leak).
Warning in <TROOT::Append>: Replacing existing TH1: HedpCut (Potential memory leak).
Warning in <TROOT::Append>: Replacing existing TH1: HeReactZNoCut (Potential memory leak).
Warning in <TROOT::Append>: Replacing existing TH1: HeReactZCut (Potential memory leak).
Warning in <TROOT::Append>: Replacing existing TH1: HeThetaPhiCut (Potential memory leak).
Warning in <TROOT::Append>: Replacing existing TH1: HePsShNoCut (Potential memory leak).
Warning in <TROOT::Append>: Replacing existing TH1: histQ2Nu (Potential memory leak).
Warning in <TROOT::Append>: Replacing existing TH1: histcerenkov (Potential memory leak).
Warning in <TROOT::Append>: Replacing existing TH1: histcerenkovcut (Potential memory leak).
Warning in <TROOT::Append>: Replacing existing TH1: HePsShCut (Potential memory leak).
Warning in <TROOT::Append>: Replacing existing TH1: histx (Potential memory leak).
Warning in <TROOT::Append>: Replacing existing TH1: histxcut (Potential memory leak).
Defining Bar-by-Bar Histograms...
Warning in <TROOT::Append>: Replacing existing TH1: HANDleft_p1_b0 (Potential memory leak).
Warning in <TROOT::Append>: Replacing existing TH1: HANDleft_p1_b0_cut (Potential memory leak).
Warning in <TROOT::Append>: Replacing existing TH1: HANDright_p1_b0 (Potential memory leak).
Warning in <TROOT::Append>: Replacing existing TH1: HANDright_p1_b0_cut (Potential memory leak).
Warning in <TROOT::Append>: Replacing existing TH1: th_p1_b0 (Potential memory leak).
Warning in <TROOT::Append>: Replacing existing TH1: ph_p1_b0 (Potential memory leak).
Warning in <TROOT::Append>: Replacing existing TH1: thph_p1_b0 (Potential memory leak).
Warning in <TROOT::Append>: Replacing existing TH1: HANDleft_p1_b1 (Potential memory leak).
Warning in <TROOT::Append>: Replacing existing TH1: HANDleft_p1_b1_cut (Potential memory leak).
Warning in <TROOT::Append>: Replacing existing TH1: HANDright_p1_b1 (Potential memory leak).
Warning in <TROOT::Append>: Replacing existing TH1: HANDright_p1_b1_cut (Potential memory leak).
Warning in <TROOT::Append>: Replacing existing TH1: th_p1_b1 (Potential memory leak).
Warning in <TROOT::Append>: Replacing existing TH1: ph_p1_b1 (Potential memory leak).
Warning in <TROOT::Append>: Replacing existing TH1: thph_p1_b1 (Potential memory leak).
Warning in <TROOT::Append>: Replacing existing TH1: HANDleft_p1_b2 (Potential memory leak).
Warning in <TROOT::Append>: Replacing existing TH1: HANDleft_p1_b2_cut (Potential memory leak).
Warning in <TROOT::Append>: Replacing existing TH1: HANDright_p1_b2 (Potential memory leak).
Warning in <TROOT::Append>: Replacing existing TH1: HANDright_p1_b2_cut (Potential memory leak).
Warning in <TROOT::Append>: Replacing existing TH1: th_p1_b2 (Potential memory leak).
Warning in <TROOT::Append>: Replacing existing TH1: ph_p1_b2 (Potential memory leak).
Warning in <TROOT::Append>: Replacing existing TH1: thph_p1_b2 (Potential memory leak).
Warning in <TROOT::Append>: Replacing existing TH1: HANDleft_p1_b3 (Potential memory leak).
Warning in <TROOT::Append>: Replacing existing TH1: HANDleft_p1_b3_cut (Potential memory leak).
Warning in <TROOT::Append>: Replacing existing TH1: HANDright_p1_b3 (Potential memory leak).
Warning in <TROOT::Append>: Replacing existing TH1: HANDright_p1_b3_cut (Potential memory leak).
Warning in <TROOT::Append>: Replacing existing TH1: th_p1_b3 (Potential memory leak).
Warning in <TROOT::Append>: Replacing existing TH1: ph_p1_b3 (Potential memory leak).
Warning in <TROOT::Append>: Replacing existing TH1: thph_p1_b3 (Potential memory leak).
Warning in <TROOT::Append>: Replacing existing TH1: HANDleft_p1_b4 (Potential memory leak).
Warning in <TROOT::Append>: Replacing existing TH1: HANDleft_p1_b4_cut (Potential memory leak).
Warning in <TROOT::Append>: Replacing existing TH1: HANDright_p1_b4 (Potential memory leak).
Warning in <TROOT::Append>: Replacing existing TH1: HANDright_p1_b4_cut (Potential memory leak).
Warning in <TROOT::Append>: Replacing existing TH1: th_p1_b4 (Potential memory leak).
Warning in <TROOT::Append>: Replacing existing TH1: ph_p1_b4 (Potential memory leak).
Warning in <TROOT::Append>: Replacing existing TH1: thph_p1_b4 (Potential memory leak).
Warning in <TROOT::Append>: Replacing existing TH1: HANDleft_p1_b5 (Potential memory leak).
Warning in <TROOT::Append>: Replacing existing TH1: HANDleft_p1_b5_cut (Potential memory leak).
Warning in <TROOT::Append>: Replacing existing TH1: HANDright_p1_b5 (Potential memory leak).
Warning in <TROOT::Append>: Replacing existing TH1: HANDright_p1_b5_cut (Potential memory leak).
Warning in <TROOT::Append>: Replacing existing TH1: th_p1_b5 (Potential memory leak).
Warning in <TROOT::Append>: Replacing existing TH1: ph_p1_b5 (Potential memory leak).
Warning in <TROOT::Append>: Replacing existing TH1: thph_p1_b5 (Potential memory leak).
Warning in <TROOT::Append>: Replacing existing TH1: HANDleft_p1_b6 (Potential memory leak).
Warning in <TROOT::Append>: Replacing existing TH1: HANDleft_p1_b6_cut (Potential memory leak).
Warning in <TROOT::Append>: Replacing existing TH1: HANDright_p1_b6 (Potential memory leak).
Warning in <TROOT::Append>: Replacing existing TH1: HANDright_p1_b6_cut (Potential memory leak).
Warning in <TROOT::Append>: Replacing existing TH1: th_p1_b6 (Potential memory leak).
Warning in <TROOT::Append>: Replacing existing TH1: ph_p1_b6 (Potential memory leak).
Warning in <TROOT::Append>: Replacing existing TH1: thph_p1_b6 (Potential memory leak).
Warning in <TROOT::Append>: Replacing existing TH1: HANDleft_p1_b7 (Potential memory leak).
Warning in <TROOT::Append>: Replacing existing TH1: HANDleft_p1_b7_cut (Potential memory leak).
Warning in <TROOT::Append>: Replacing existing TH1: HANDright_p1_b7 (Potential memory leak).
Warning in <TROOT::Append>: Replacing existing TH1: HANDright_p1_b7_cut (Potential memory leak).
Warning in <TROOT::Append>: Replacing existing TH1: th_p1_b7 (Potential memory leak).
Warning in <TROOT::Append>: Replacing existing TH1: ph_p1_b7 (Potential memory leak).
Warning in <TROOT::Append>: Replacing existing TH1: thph_p1_b7 (Potential memory leak).
Warning in <TROOT::Append>: Replacing existing TH1: HANDleft_p1_b8 (Potential memory leak).
Warning in <TROOT::Append>: Replacing existing TH1: HANDleft_p1_b8_cut (Potential memory leak).
Warning in <TROOT::Append>: Replacing existing TH1: HANDright_p1_b8 (Potential memory leak).
Warning in <TROOT::Append>: Replacing existing TH1: HANDright_p1_b8_cut (Potential memory leak).
Warning in <TROOT::Append>: Replacing existing TH1: th_p1_b8 (Potential memory leak).
Warning in <TROOT::Append>: Replacing existing TH1: ph_p1_b8 (Potential memory leak).
Warning in <TROOT::Append>: Replacing existing TH1: thph_p1_b8 (Potential memory leak).
Warning in <TROOT::Append>: Replacing existing TH1: HANDleft_p1_b9 (Potential memory leak).
Warning in <TROOT::Append>: Replacing existing TH1: HANDleft_p1_b9_cut (Potential memory leak).
Warning in <TROOT::Append>: Replacing existing TH1: HANDright_p1_b9 (Potential memory leak).
Warning in <TROOT::Append>: Replacing existing TH1: HANDright_p1_b9_cut (Potential memory leak).
Warning in <TROOT::Append>: Replacing existing TH1: th_p1_b9 (Potential memory leak).
Warning in <TROOT::Append>: Replacing existing TH1: ph_p1_b9 (Potential memory leak).
Warning in <TROOT::Append>: Replacing existing TH1: thph_p1_b9 (Potential memory leak).
Warning in <TROOT::Append>: Replacing existing TH1: HANDleft_p1_b10 (Potential memory leak).
Warning in <TROOT::Append>: Replacing existing TH1: HANDleft_p1_b10_cut (Potential memory leak).
Warning in <TROOT::Append>: Replacing existing TH1: HANDright_p1_b10 (Potential memory leak).
Warning in <TROOT::Append>: Replacing existing TH1: HANDright_p1_b10_cut (Potential memory leak).
Warning in <TROOT::Append>: Replacing existing TH1: th_p1_b10 (Potential memory leak).
Warning in <TROOT::Append>: Replacing existing TH1: ph_p1_b10 (Potential memory leak).
Warning in <TROOT::Append>: Replacing existing TH1: thph_p1_b10 (Potential memory leak).
Warning in <TROOT::Append>: Replacing existing TH1: HANDleft_p1_b11 (Potential memory leak).
Warning in <TROOT::Append>: Replacing existing TH1: HANDleft_p1_b11_cut (Potential memory leak).
Warning in <TROOT::Append>: Replacing existing TH1: HANDright_p1_b11 (Potential memory leak).
Warning in <TROOT::Append>: Replacing existing TH1: HANDright_p1_b11_cut (Potential memory leak).
Warning in <TROOT::Append>: Replacing existing TH1: th_p1_b11 (Potential memory leak).
Warning in <TROOT::Append>: Replacing existing TH1: ph_p1_b11 (Potential memory leak).
Warning in <TROOT::Append>: Replacing existing TH1: thph_p1_b11 (Potential memory leak).
Warning in <TROOT::Append>: Replacing existing TH1: HANDleft_p1_b12 (Potential memory leak).
Warning in <TROOT::Append>: Replacing existing TH1: HANDleft_p1_b12_cut (Potential memory leak).
Warning in <TROOT::Append>: Replacing existing TH1: HANDright_p1_b12 (Potential memory leak).
Warning in <TROOT::Append>: Replacing existing TH1: HANDright_p1_b12_cut (Potential memory leak).
Warning in <TROOT::Append>: Replacing existing TH1: th_p1_b12 (Potential memory leak).
Warning in <TROOT::Append>: Replacing existing TH1: ph_p1_b12 (Potential memory leak).
Warning in <TROOT::Append>: Replacing existing TH1: thph_p1_b12 (Potential memory leak).
Warning in <TROOT::Append>: Replacing existing TH1: HANDleft_p1_b13 (Potential memory leak).
Warning in <TROOT::Append>: Replacing existing TH1: HANDleft_p1_b13_cut (Potential memory leak).
Warning in <TROOT::Append>: Replacing existing TH1: HANDright_p1_b13 (Potential memory leak).
Warning in <TROOT::Append>: Replacing existing TH1: HANDright_p1_b13_cut (Potential memory leak).
Warning in <TROOT::Append>: Replacing existing TH1: th_p1_b13 (Potential memory leak).
Warning in <TROOT::Append>: Replacing existing TH1: ph_p1_b13 (Potential memory leak).
Warning in <TROOT::Append>: Replacing existing TH1: thph_p1_b13 (Potential memory leak).
Warning in <TROOT::Append>: Replacing existing TH1: HANDleft_p1_b14 (Potential memory leak).
Warning in <TROOT::Append>: Replacing existing TH1: HANDleft_p1_b14_cut (Potential memory leak).
Warning in <TROOT::Append>: Replacing existing TH1: HANDright_p1_b14 (Potential memory leak).
Warning in <TROOT::Append>: Replacing existing TH1: HANDright_p1_b14_cut (Potential memory leak).
Warning in <TROOT::Append>: Replacing existing TH1: th_p1_b14 (Potential memory leak).
Warning in <TROOT::Append>: Replacing existing TH1: ph_p1_b14 (Potential memory leak).
Warning in <TROOT::Append>: Replacing existing TH1: thph_p1_b14 (Potential memory leak).
Warning in <TROOT::Append>: Replacing existing TH1: HANDleft_p1_b15 (Potential memory leak).
Warning in <TROOT::Append>: Replacing existing TH1: HANDleft_p1_b15_cut (Potential memory leak).
Warning in <TROOT::Append>: Replacing existing TH1: HANDright_p1_b15 (Potential memory leak).
Warning in <TROOT::Append>: Replacing existing TH1: HANDright_p1_b15_cut (Potential memory leak).
Warning in <TROOT::Append>: Replacing existing TH1: th_p1_b15 (Potential memory leak).
Warning in <TROOT::Append>: Replacing existing TH1: ph_p1_b15 (Potential memory leak).
Warning in <TROOT::Append>: Replacing existing TH1: thph_p1_b15 (Potential memory leak).
Warning in <TROOT::Append>: Replacing existing TH1: HANDleft_p1_b16 (Potential memory leak).
Warning in <TROOT::Append>: Replacing existing TH1: HANDleft_p1_b16_cut (Potential memory leak).
Warning in <TROOT::Append>: Replacing existing TH1: HANDright_p1_b16 (Potential memory leak).
Warning in <TROOT::Append>: Replacing existing TH1: HANDright_p1_b16_cut (Potential memory leak).
Warning in <TROOT::Append>: Replacing existing TH1: th_p1_b16 (Potential memory leak).
Warning in <TROOT::Append>: Replacing existing TH1: ph_p1_b16 (Potential memory leak).
Warning in <TROOT::Append>: Replacing existing TH1: thph_p1_b16 (Potential memory leak).
Warning in <TROOT::Append>: Replacing existing TH1: HANDleft_p1_b17 (Potential memory leak).
Warning in <TROOT::Append>: Replacing existing TH1: HANDleft_p1_b17_cut (Potential memory leak).
Warning in <TROOT::Append>: Replacing existing TH1: HANDright_p1_b17 (Potential memory leak).
Warning in <TROOT::Append>: Replacing existing TH1: HANDright_p1_b17_cut (Potential memory leak).
Warning in <TROOT::Append>: Replacing existing TH1: th_p1_b17 (Potential memory leak).
Warning in <TROOT::Append>: Replacing existing TH1: ph_p1_b17 (Potential memory leak).
Warning in <TROOT::Append>: Replacing existing TH1: thph_p1_b17 (Potential memory leak).
Warning in <TROOT::Append>: Replacing existing TH1: HANDleft_p1_b18 (Potential memory leak).
Warning in <TROOT::Append>: Replacing existing TH1: HANDleft_p1_b18_cut (Potential memory leak).
Warning in <TROOT::Append>: Replacing existing TH1: HANDright_p1_b18 (Potential memory leak).
Warning in <TROOT::Append>: Replacing existing TH1: HANDright_p1_b18_cut (Potential memory leak).
Warning in <TROOT::Append>: Replacing existing TH1: th_p1_b18 (Potential memory leak).
Warning in <TROOT::Append>: Replacing existing TH1: ph_p1_b18 (Potential memory leak).
Warning in <TROOT::Append>: Replacing existing TH1: thph_p1_b18 (Potential memory leak).
Warning in <TROOT::Append>: Replacing existing TH1: HANDleft_p1_b19 (Potential memory leak).
Warning in <TROOT::Append>: Replacing existing TH1: HANDleft_p1_b19_cut (Potential memory leak).
Warning in <TROOT::Append>: Replacing existing TH1: HANDright_p1_b19 (Potential memory leak).
Warning in <TROOT::Append>: Replacing existing TH1: HANDright_p1_b19_cut (Potential memory leak).
Warning in <TROOT::Append>: Replacing existing TH1: th_p1_b19 (Potential memory leak).
Warning in <TROOT::Append>: Replacing existing TH1: ph_p1_b19 (Potential memory leak).
Warning in <TROOT::Append>: Replacing existing TH1: thph_p1_b19 (Potential memory leak).
Warning in <TROOT::Append>: Replacing existing TH1: HANDleft_p1_b20 (Potential memory leak).
Warning in <TROOT::Append>: Replacing existing TH1: HANDleft_p1_b20_cut (Potential memory leak).
Warning in <TROOT::Append>: Replacing existing TH1: HANDright_p1_b20 (Potential memory leak).
Warning in <TROOT::Append>: Replacing existing TH1: HANDright_p1_b20_cut (Potential memory leak).
Warning in <TROOT::Append>: Replacing existing TH1: th_p1_b20 (Potential memory leak).
Warning in <TROOT::Append>: Replacing existing TH1: ph_p1_b20 (Potential memory leak).
Warning in <TROOT::Append>: Replacing existing TH1: thph_p1_b20 (Potential memory leak).
Warning in <TROOT::Append>: Replacing existing TH1: HANDleft_p1_b21 (Potential memory leak).
Warning in <TROOT::Append>: Replacing existing TH1: HANDleft_p1_b21_cut (Potential memory leak).
Warning in <TROOT::Append>: Replacing existing TH1: HANDright_p1_b21 (Potential memory leak).
Warning in <TROOT::Append>: Replacing existing TH1: HANDright_p1_b21_cut (Potential memory leak).
Warning in <TROOT::Append>: Replacing existing TH1: th_p1_b21 (Potential memory leak).
Warning in <TROOT::Append>: Replacing existing TH1: ph_p1_b21 (Potential memory leak).
Warning in <TROOT::Append>: Replacing existing TH1: thph_p1_b21 (Potential memory leak).
Warning in <TROOT::Append>: Replacing existing TH1: HANDleft_p1_b22 (Potential memory leak).
Warning in <TROOT::Append>: Replacing existing TH1: HANDleft_p1_b22_cut (Potential memory leak).
Warning in <TROOT::Append>: Replacing existing TH1: HANDright_p1_b22 (Potential memory leak).
Warning in <TROOT::Append>: Replacing existing TH1: HANDright_p1_b22_cut (Potential memory leak).
Warning in <TROOT::Append>: Replacing existing TH1: th_p1_b22 (Potential memory leak).
Warning in <TROOT::Append>: Replacing existing TH1: ph_p1_b22 (Potential memory leak).
Warning in <TROOT::Append>: Replacing existing TH1: thph_p1_b22 (Potential memory leak).
Warning in <TROOT::Append>: Replacing existing TH1: HANDleft_p1_b23 (Potential memory leak).
Warning in <TROOT::Append>: Replacing existing TH1: HANDleft_p1_b23_cut (Potential memory leak).
Warning in <TROOT::Append>: Replacing existing TH1: HANDright_p1_b23 (Potential memory leak).
Warning in <TROOT::Append>: Replacing existing TH1: HANDright_p1_b23_cut (Potential memory leak).
Warning in <TROOT::Append>: Replacing existing TH1: th_p1_b23 (Potential memory leak).
Warning in <TROOT::Append>: Replacing existing TH1: ph_p1_b23 (Potential memory leak).
Warning in <TROOT::Append>: Replacing existing TH1: thph_p1_b23 (Potential memory leak).
Warning in <TROOT::Append>: Replacing existing TH1: HANDleft_p1_b24 (Potential memory leak).
Warning in <TROOT::Append>: Replacing existing TH1: HANDleft_p1_b24_cut (Potential memory leak).
Warning in <TROOT::Append>: Replacing existing TH1: HANDright_p1_b24 (Potential memory leak).
Warning in <TROOT::Append>: Replacing existing TH1: HANDright_p1_b24_cut (Potential memory leak).
Warning in <TROOT::Append>: Replacing existing TH1: th_p1_b24 (Potential memory leak).
Warning in <TROOT::Append>: Replacing existing TH1: ph_p1_b24 (Potential memory leak).
Warning in <TROOT::Append>: Replacing existing TH1: thph_p1_b24 (Potential memory leak).
Warning in <TROOT::Append>: Replacing existing TH1: HANDleft_p1_b25 (Potential memory leak).
Warning in <TROOT::Append>: Replacing existing TH1: HANDleft_p1_b25_cut (Potential memory leak).
Warning in <TROOT::Append>: Replacing existing TH1: HANDright_p1_b25 (Potential memory leak).
Warning in <TROOT::Append>: Replacing existing TH1: HANDright_p1_b25_cut (Potential memory leak).
Warning in <TROOT::Append>: Replacing existing TH1: th_p1_b25 (Potential memory leak).
Warning in <TROOT::Append>: Replacing existing TH1: ph_p1_b25 (Potential memory leak).
Warning in <TROOT::Append>: Replacing existing TH1: thph_p1_b25 (Potential memory leak).
Warning in <TROOT::Append>: Replacing existing TH1: HANDleft_p1_b26 (Potential memory leak).
Warning in <TROOT::Append>: Replacing existing TH1: HANDleft_p1_b26_cut (Potential memory leak).
Warning in <TROOT::Append>: Replacing existing TH1: HANDright_p1_b26 (Potential memory leak).
Warning in <TROOT::Append>: Replacing existing TH1: HANDright_p1_b26_cut (Potential memory leak).
Warning in <TROOT::Append>: Replacing existing TH1: th_p1_b26 (Potential memory leak).
Warning in <TROOT::Append>: Replacing existing TH1: ph_p1_b26 (Potential memory leak).
Warning in <TROOT::Append>: Replacing existing TH1: thph_p1_b26 (Potential memory leak).
Warning in <TROOT::Append>: Replacing existing TH1: HANDleft_p1_b27 (Potential memory leak).
Warning in <TROOT::Append>: Replacing existing TH1: HANDleft_p1_b27_cut (Potential memory leak).
Warning in <TROOT::Append>: Replacing existing TH1: HANDright_p1_b27 (Potential memory leak).
Warning in <TROOT::Append>: Replacing existing TH1: HANDright_p1_b27_cut (Potential memory leak).
Warning in <TROOT::Append>: Replacing existing TH1: th_p1_b27 (Potential memory leak).
Warning in <TROOT::Append>: Replacing existing TH1: ph_p1_b27 (Potential memory leak).
Warning in <TROOT::Append>: Replacing existing TH1: thph_p1_b27 (Potential memory leak).
Warning in <TROOT::Append>: Replacing existing TH1: HANDleft_p1_b28 (Potential memory leak).
Warning in <TROOT::Append>: Replacing existing TH1: HANDleft_p1_b28_cut (Potential memory leak).
Warning in <TROOT::Append>: Replacing existing TH1: HANDright_p1_b28 (Potential memory leak).
Warning in <TROOT::Append>: Replacing existing TH1: HANDright_p1_b28_cut (Potential memory leak).
Warning in <TROOT::Append>: Replacing existing TH1: th_p1_b28 (Potential memory leak).
Warning in <TROOT::Append>: Replacing existing TH1: ph_p1_b28 (Potential memory leak).
Warning in <TROOT::Append>: Replacing existing TH1: thph_p1_b28 (Potential memory leak).
Warning in <TROOT::Append>: Replacing existing TH1: HANDleft_p1_b29 (Potential memory leak).
Warning in <TROOT::Append>: Replacing existing TH1: HANDleft_p1_b29_cut (Potential memory leak).
Warning in <TROOT::Append>: Replacing existing TH1: HANDright_p1_b29 (Potential memory leak).
Warning in <TROOT::Append>: Replacing existing TH1: HANDright_p1_b29_cut (Potential memory leak).
Warning in <TROOT::Append>: Replacing existing TH1: th_p1_b29 (Potential memory leak).
Warning in <TROOT::Append>: Replacing existing TH1: ph_p1_b29 (Potential memory leak).
Warning in <TROOT::Append>: Replacing existing TH1: thph_p1_b29 (Potential memory leak).
Warning in <TROOT::Append>: Replacing existing TH1: HANDleft_p2_b0 (Potential memory leak).
Warning in <TROOT::Append>: Replacing existing TH1: HANDleft_p2_b0_cut (Potential memory leak).
Warning in <TROOT::Append>: Replacing existing TH1: HANDright_p2_b0 (Potential memory leak).
Warning in <TROOT::Append>: Replacing existing TH1: HANDright_p2_b0_cut (Potential memory leak).
Warning in <TROOT::Append>: Replacing existing TH1: th_p2_b0 (Potential memory leak).
Warning in <TROOT::Append>: Replacing existing TH1: ph_p2_b0 (Potential memory leak).
Warning in <TROOT::Append>: Replacing existing TH1: thph_p2_b0 (Potential memory leak).
Warning in <TROOT::Append>: Replacing existing TH1: HANDleft_p2_b1 (Potential memory leak).
Warning in <TROOT::Append>: Replacing existing TH1: HANDleft_p2_b1_cut (Potential memory leak).
Warning in <TROOT::Append>: Replacing existing TH1: HANDright_p2_b1 (Potential memory leak).
Warning in <TROOT::Append>: Replacing existing TH1: HANDright_p2_b1_cut (Potential memory leak).
Warning in <TROOT::Append>: Replacing existing TH1: th_p2_b1 (Potential memory leak).
Warning in <TROOT::Append>: Replacing existing TH1: ph_p2_b1 (Potential memory leak).
Warning in <TROOT::Append>: Replacing existing TH1: thph_p2_b1 (Potential memory leak).
Warning in <TROOT::Append>: Replacing existing TH1: HANDleft_p2_b2 (Potential memory leak).
Warning in <TROOT::Append>: Replacing existing TH1: HANDleft_p2_b2_cut (Potential memory leak).
Warning in <TROOT::Append>: Replacing existing TH1: HANDright_p2_b2 (Potential memory leak).
Warning in <TROOT::Append>: Replacing existing TH1: HANDright_p2_b2_cut (Potential memory leak).
Warning in <TROOT::Append>: Replacing existing TH1: th_p2_b2 (Potential memory leak).
Warning in <TROOT::Append>: Replacing existing TH1: ph_p2_b2 (Potential memory leak).
Warning in <TROOT::Append>: Replacing existing TH1: thph_p2_b2 (Potential memory leak).
Warning in <TROOT::Append>: Replacing existing TH1: HANDleft_p2_b3 (Potential memory leak).
Warning in <TROOT::Append>: Replacing existing TH1: HANDleft_p2_b3_cut (Potential memory leak).
Warning in <TROOT::Append>: Replacing existing TH1: HANDright_p2_b3 (Potential memory leak).
Warning in <TROOT::Append>: Replacing existing TH1: HANDright_p2_b3_cut (Potential memory leak).
Warning in <TROOT::Append>: Replacing existing TH1: th_p2_b3 (Potential memory leak).
Warning in <TROOT::Append>: Replacing existing TH1: ph_p2_b3 (Potential memory leak).
Warning in <TROOT::Append>: Replacing existing TH1: thph_p2_b3 (Potential memory leak).
Warning in <TROOT::Append>: Replacing existing TH1: HANDleft_p2_b4 (Potential memory leak).
Warning in <TROOT::Append>: Replacing existing TH1: HANDleft_p2_b4_cut (Potential memory leak).
Warning in <TROOT::Append>: Replacing existing TH1: HANDright_p2_b4 (Potential memory leak).
Warning in <TROOT::Append>: Replacing existing TH1: HANDright_p2_b4_cut (Potential memory leak).
Warning in <TROOT::Append>: Replacing existing TH1: th_p2_b4 (Potential memory leak).
Warning in <TROOT::Append>: Replacing existing TH1: ph_p2_b4 (Potential memory leak).
Warning in <TROOT::Append>: Replacing existing TH1: thph_p2_b4 (Potential memory leak).
Warning in <TROOT::Append>: Replacing existing TH1: HANDleft_p2_b5 (Potential memory leak).
Warning in <TROOT::Append>: Replacing existing TH1: HANDleft_p2_b5_cut (Potential memory leak).
Warning in <TROOT::Append>: Replacing existing TH1: HANDright_p2_b5 (Potential memory leak).
Warning in <TROOT::Append>: Replacing existing TH1: HANDright_p2_b5_cut (Potential memory leak).
Warning in <TROOT::Append>: Replacing existing TH1: th_p2_b5 (Potential memory leak).
Warning in <TROOT::Append>: Replacing existing TH1: ph_p2_b5 (Potential memory leak).
Warning in <TROOT::Append>: Replacing existing TH1: thph_p2_b5 (Potential memory leak).
Warning in <TROOT::Append>: Replacing existing TH1: HANDleft_p2_b6 (Potential memory leak).
Warning in <TROOT::Append>: Replacing existing TH1: HANDleft_p2_b6_cut (Potential memory leak).
Warning in <TROOT::Append>: Replacing existing TH1: HANDright_p2_b6 (Potential memory leak).
Warning in <TROOT::Append>: Replacing existing TH1: HANDright_p2_b6_cut (Potential memory leak).
Warning in <TROOT::Append>: Replacing existing TH1: th_p2_b6 (Potential memory leak).
Warning in <TROOT::Append>: Replacing existing TH1: ph_p2_b6 (Potential memory leak).
Warning in <TROOT::Append>: Replacing existing TH1: thph_p2_b6 (Potential memory leak).
Warning in <TROOT::Append>: Replacing existing TH1: HANDleft_p2_b7 (Potential memory leak).
Warning in <TROOT::Append>: Replacing existing TH1: HANDleft_p2_b7_cut (Potential memory leak).
Warning in <TROOT::Append>: Replacing existing TH1: HANDright_p2_b7 (Potential memory leak).
Warning in <TROOT::Append>: Replacing existing TH1: HANDright_p2_b7_cut (Potential memory leak).
Warning in <TROOT::Append>: Replacing existing TH1: th_p2_b7 (Potential memory leak).
Warning in <TROOT::Append>: Replacing existing TH1: ph_p2_b7 (Potential memory leak).
Warning in <TROOT::Append>: Replacing existing TH1: thph_p2_b7 (Potential memory leak).
Warning in <TROOT::Append>: Replacing existing TH1: HANDleft_p2_b8 (Potential memory leak).
Warning in <TROOT::Append>: Replacing existing TH1: HANDleft_p2_b8_cut (Potential memory leak).
Warning in <TROOT::Append>: Replacing existing TH1: HANDright_p2_b8 (Potential memory leak).
Warning in <TROOT::Append>: Replacing existing TH1: HANDright_p2_b8_cut (Potential memory leak).
Warning in <TROOT::Append>: Replacing existing TH1: th_p2_b8 (Potential memory leak).
Warning in <TROOT::Append>: Replacing existing TH1: ph_p2_b8 (Potential memory leak).
Warning in <TROOT::Append>: Replacing existing TH1: thph_p2_b8 (Potential memory leak).
Warning in <TROOT::Append>: Replacing existing TH1: HANDleft_p2_b9 (Potential memory leak).
Warning in <TROOT::Append>: Replacing existing TH1: HANDleft_p2_b9_cut (Potential memory leak).
Warning in <TROOT::Append>: Replacing existing TH1: HANDright_p2_b9 (Potential memory leak).
Warning in <TROOT::Append>: Replacing existing TH1: HANDright_p2_b9_cut (Potential memory leak).
Warning in <TROOT::Append>: Replacing existing TH1: th_p2_b9 (Potential memory leak).
Warning in <TROOT::Append>: Replacing existing TH1: ph_p2_b9 (Potential memory leak).
Warning in <TROOT::Append>: Replacing existing TH1: thph_p2_b9 (Potential memory leak).
Warning in <TROOT::Append>: Replacing existing TH1: HANDleft_p2_b10 (Potential memory leak).
Warning in <TROOT::Append>: Replacing existing TH1: HANDleft_p2_b10_cut (Potential memory leak).
Warning in <TROOT::Append>: Replacing existing TH1: HANDright_p2_b10 (Potential memory leak).
Warning in <TROOT::Append>: Replacing existing TH1: HANDright_p2_b10_cut (Potential memory leak).
Warning in <TROOT::Append>: Replacing existing TH1: th_p2_b10 (Potential memory leak).
Warning in <TROOT::Append>: Replacing existing TH1: ph_p2_b10 (Potential memory leak).
Warning in <TROOT::Append>: Replacing existing TH1: thph_p2_b10 (Potential memory leak).
Warning in <TROOT::Append>: Replacing existing TH1: HANDleft_p2_b11 (Potential memory leak).
Warning in <TROOT::Append>: Replacing existing TH1: HANDleft_p2_b11_cut (Potential memory leak).
Warning in <TROOT::Append>: Replacing existing TH1: HANDright_p2_b11 (Potential memory leak).
Warning in <TROOT::Append>: Replacing existing TH1: HANDright_p2_b11_cut (Potential memory leak).
Warning in <TROOT::Append>: Replacing existing TH1: th_p2_b11 (Potential memory leak).
Warning in <TROOT::Append>: Replacing existing TH1: ph_p2_b11 (Potential memory leak).
Warning in <TROOT::Append>: Replacing existing TH1: thph_p2_b11 (Potential memory leak).
Warning in <TROOT::Append>: Replacing existing TH1: HANDleft_p2_b12 (Potential memory leak).
Warning in <TROOT::Append>: Replacing existing TH1: HANDleft_p2_b12_cut (Potential memory leak).
Warning in <TROOT::Append>: Replacing existing TH1: HANDright_p2_b12 (Potential memory leak).
Warning in <TROOT::Append>: Replacing existing TH1: HANDright_p2_b12_cut (Potential memory leak).
Warning in <TROOT::Append>: Replacing existing TH1: th_p2_b12 (Potential memory leak).
Warning in <TROOT::Append>: Replacing existing TH1: ph_p2_b12 (Potential memory leak).
Warning in <TROOT::Append>: Replacing existing TH1: thph_p2_b12 (Potential memory leak).
Warning in <TROOT::Append>: Replacing existing TH1: HANDleft_p2_b13 (Potential memory leak).
Warning in <TROOT::Append>: Replacing existing TH1: HANDleft_p2_b13_cut (Potential memory leak).
Warning in <TROOT::Append>: Replacing existing TH1: HANDright_p2_b13 (Potential memory leak).
Warning in <TROOT::Append>: Replacing existing TH1: HANDright_p2_b13_cut (Potential memory leak).
Warning in <TROOT::Append>: Replacing existing TH1: th_p2_b13 (Potential memory leak).
Warning in <TROOT::Append>: Replacing existing TH1: ph_p2_b13 (Potential memory leak).
Warning in <TROOT::Append>: Replacing existing TH1: thph_p2_b13 (Potential memory leak).
Warning in <TROOT::Append>: Replacing existing TH1: HANDleft_p2_b14 (Potential memory leak).
Warning in <TROOT::Append>: Replacing existing TH1: HANDleft_p2_b14_cut (Potential memory leak).
Warning in <TROOT::Append>: Replacing existing TH1: HANDright_p2_b14 (Potential memory leak).
Warning in <TROOT::Append>: Replacing existing TH1: HANDright_p2_b14_cut (Potential memory leak).
Warning in <TROOT::Append>: Replacing existing TH1: th_p2_b14 (Potential memory leak).
Warning in <TROOT::Append>: Replacing existing TH1: ph_p2_b14 (Potential memory leak).
Warning in <TROOT::Append>: Replacing existing TH1: thph_p2_b14 (Potential memory leak).
Warning in <TROOT::Append>: Replacing existing TH1: HANDleft_p2_b15 (Potential memory leak).
Warning in <TROOT::Append>: Replacing existing TH1: HANDleft_p2_b15_cut (Potential memory leak).
Warning in <TROOT::Append>: Replacing existing TH1: HANDright_p2_b15 (Potential memory leak).
Warning in <TROOT::Append>: Replacing existing TH1: HANDright_p2_b15_cut (Potential memory leak).
Warning in <TROOT::Append>: Replacing existing TH1: th_p2_b15 (Potential memory leak).
Warning in <TROOT::Append>: Replacing existing TH1: ph_p2_b15 (Potential memory leak).
Warning in <TROOT::Append>: Replacing existing TH1: thph_p2_b15 (Potential memory leak).
Warning in <TROOT::Append>: Replacing existing TH1: HANDleft_p2_b16 (Potential memory leak).
Warning in <TROOT::Append>: Replacing existing TH1: HANDleft_p2_b16_cut (Potential memory leak).
Warning in <TROOT::Append>: Replacing existing TH1: HANDright_p2_b16 (Potential memory leak).
Warning in <TROOT::Append>: Replacing existing TH1: HANDright_p2_b16_cut (Potential memory leak).
Warning in <TROOT::Append>: Replacing existing TH1: th_p2_b16 (Potential memory leak).
Warning in <TROOT::Append>: Replacing existing TH1: ph_p2_b16 (Potential memory leak).
Warning in <TROOT::Append>: Replacing existing TH1: thph_p2_b16 (Potential memory leak).
Warning in <TROOT::Append>: Replacing existing TH1: HANDleft_p2_b17 (Potential memory leak).
Warning in <TROOT::Append>: Replacing existing TH1: HANDleft_p2_b17_cut (Potential memory leak).
Warning in <TROOT::Append>: Replacing existing TH1: HANDright_p2_b17 (Potential memory leak).
Warning in <TROOT::Append>: Replacing existing TH1: HANDright_p2_b17_cut (Potential memory leak).
Warning in <TROOT::Append>: Replacing existing TH1: th_p2_b17 (Potential memory leak).
Warning in <TROOT::Append>: Replacing existing TH1: ph_p2_b17 (Potential memory leak).
Warning in <TROOT::Append>: Replacing existing TH1: thph_p2_b17 (Potential memory leak).
Warning in <TROOT::Append>: Replacing existing TH1: HANDleft_p2_b18 (Potential memory leak).
Warning in <TROOT::Append>: Replacing existing TH1: HANDleft_p2_b18_cut (Potential memory leak).
Warning in <TROOT::Append>: Replacing existing TH1: HANDright_p2_b18 (Potential memory leak).
Warning in <TROOT::Append>: Replacing existing TH1: HANDright_p2_b18_cut (Potential memory leak).
Warning in <TROOT::Append>: Replacing existing TH1: th_p2_b18 (Potential memory leak).
Warning in <TROOT::Append>: Replacing existing TH1: ph_p2_b18 (Potential memory leak).
Warning in <TROOT::Append>: Replacing existing TH1: thph_p2_b18 (Potential memory leak).
Warning in <TROOT::Append>: Replacing existing TH1: HANDleft_p2_b19 (Potential memory leak).
Warning in <TROOT::Append>: Replacing existing TH1: HANDleft_p2_b19_cut (Potential memory leak).
Warning in <TROOT::Append>: Replacing existing TH1: HANDright_p2_b19 (Potential memory leak).
Warning in <TROOT::Append>: Replacing existing TH1: HANDright_p2_b19_cut (Potential memory leak).
Warning in <TROOT::Append>: Replacing existing TH1: th_p2_b19 (Potential memory leak).
Warning in <TROOT::Append>: Replacing existing TH1: ph_p2_b19 (Potential memory leak).
Warning in <TROOT::Append>: Replacing existing TH1: thph_p2_b19 (Potential memory leak).
Warning in <TROOT::Append>: Replacing existing TH1: HANDleft_p2_b20 (Potential memory leak).
Warning in <TROOT::Append>: Replacing existing TH1: HANDleft_p2_b20_cut (Potential memory leak).
Warning in <TROOT::Append>: Replacing existing TH1: HANDright_p2_b20 (Potential memory leak).
Warning in <TROOT::Append>: Replacing existing TH1: HANDright_p2_b20_cut (Potential memory leak).
Warning in <TROOT::Append>: Replacing existing TH1: th_p2_b20 (Potential memory leak).
Warning in <TROOT::Append>: Replacing existing TH1: ph_p2_b20 (Potential memory leak).
Warning in <TROOT::Append>: Replacing existing TH1: thph_p2_b20 (Potential memory leak).
Warning in <TROOT::Append>: Replacing existing TH1: HANDleft_p2_b21 (Potential memory leak).
Warning in <TROOT::Append>: Replacing existing TH1: HANDleft_p2_b21_cut (Potential memory leak).
Warning in <TROOT::Append>: Replacing existing TH1: HANDright_p2_b21 (Potential memory leak).
Warning in <TROOT::Append>: Replacing existing TH1: HANDright_p2_b21_cut (Potential memory leak).
Warning in <TROOT::Append>: Replacing existing TH1: th_p2_b21 (Potential memory leak).
Warning in <TROOT::Append>: Replacing existing TH1: ph_p2_b21 (Potential memory leak).
Warning in <TROOT::Append>: Replacing existing TH1: thph_p2_b21 (Potential memory leak).
Warning in <TROOT::Append>: Replacing existing TH1: HANDleft_p2_b22 (Potential memory leak).
Warning in <TROOT::Append>: Replacing existing TH1: HANDleft_p2_b22_cut (Potential memory leak).
Warning in <TROOT::Append>: Replacing existing TH1: HANDright_p2_b22 (Potential memory leak).
Warning in <TROOT::Append>: Replacing existing TH1: HANDright_p2_b22_cut (Potential memory leak).
Warning in <TROOT::Append>: Replacing existing TH1: th_p2_b22 (Potential memory leak).
Warning in <TROOT::Append>: Replacing existing TH1: ph_p2_b22 (Potential memory leak).
Warning in <TROOT::Append>: Replacing existing TH1: thph_p2_b22 (Potential memory leak).
Warning in <TROOT::Append>: Replacing existing TH1: HANDleft_p2_b23 (Potential memory leak).
Warning in <TROOT::Append>: Replacing existing TH1: HANDleft_p2_b23_cut (Potential memory leak).
Warning in <TROOT::Append>: Replacing existing TH1: HANDright_p2_b23 (Potential memory leak).
Warning in <TROOT::Append>: Replacing existing TH1: HANDright_p2_b23_cut (Potential memory leak).
Warning in <TROOT::Append>: Replacing existing TH1: th_p2_b23 (Potential memory leak).
Warning in <TROOT::Append>: Replacing existing TH1: ph_p2_b23 (Potential memory leak).
Warning in <TROOT::Append>: Replacing existing TH1: thph_p2_b23 (Potential memory leak).
Warning in <TROOT::Append>: Replacing existing TH1: HANDleft_p3_b0 (Potential memory leak).
Warning in <TROOT::Append>: Replacing existing TH1: HANDleft_p3_b0_cut (Potential memory leak).
Warning in <TROOT::Append>: Replacing existing TH1: HANDright_p3_b0 (Potential memory leak).
Warning in <TROOT::Append>: Replacing existing TH1: HANDright_p3_b0_cut (Potential memory leak).
Warning in <TROOT::Append>: Replacing existing TH1: th_p3_b0 (Potential memory leak).
Warning in <TROOT::Append>: Replacing existing TH1: ph_p3_b0 (Potential memory leak).
Warning in <TROOT::Append>: Replacing existing TH1: thph_p3_b0 (Potential memory leak).
Warning in <TROOT::Append>: Replacing existing TH1: HANDleft_p3_b1 (Potential memory leak).
Warning in <TROOT::Append>: Replacing existing TH1: HANDleft_p3_b1_cut (Potential memory leak).
Warning in <TROOT::Append>: Replacing existing TH1: HANDright_p3_b1 (Potential memory leak).
Warning in <TROOT::Append>: Replacing existing TH1: HANDright_p3_b1_cut (Potential memory leak).
Warning in <TROOT::Append>: Replacing existing TH1: th_p3_b1 (Potential memory leak).
Warning in <TROOT::Append>: Replacing existing TH1: ph_p3_b1 (Potential memory leak).
Warning in <TROOT::Append>: Replacing existing TH1: thph_p3_b1 (Potential memory leak).
Warning in <TROOT::Append>: Replacing existing TH1: HANDleft_p3_b2 (Potential memory leak).
Warning in <TROOT::Append>: Replacing existing TH1: HANDleft_p3_b2_cut (Potential memory leak).
Warning in <TROOT::Append>: Replacing existing TH1: HANDright_p3_b2 (Potential memory leak).
Warning in <TROOT::Append>: Replacing existing TH1: HANDright_p3_b2_cut (Potential memory leak).
Warning in <TROOT::Append>: Replacing existing TH1: th_p3_b2 (Potential memory leak).
Warning in <TROOT::Append>: Replacing existing TH1: ph_p3_b2 (Potential memory leak).
Warning in <TROOT::Append>: Replacing existing TH1: thph_p3_b2 (Potential memory leak).
Warning in <TROOT::Append>: Replacing existing TH1: HANDleft_p3_b3 (Potential memory leak).
Warning in <TROOT::Append>: Replacing existing TH1: HANDleft_p3_b3_cut (Potential memory leak).
Warning in <TROOT::Append>: Replacing existing TH1: HANDright_p3_b3 (Potential memory leak).
Warning in <TROOT::Append>: Replacing existing TH1: HANDright_p3_b3_cut (Potential memory leak).
Warning in <TROOT::Append>: Replacing existing TH1: th_p3_b3 (Potential memory leak).
Warning in <TROOT::Append>: Replacing existing TH1: ph_p3_b3 (Potential memory leak).
Warning in <TROOT::Append>: Replacing existing TH1: thph_p3_b3 (Potential memory leak).
Warning in <TROOT::Append>: Replacing existing TH1: HANDleft_p3_b4 (Potential memory leak).
Warning in <TROOT::Append>: Replacing existing TH1: HANDleft_p3_b4_cut (Potential memory leak).
Warning in <TROOT::Append>: Replacing existing TH1: HANDright_p3_b4 (Potential memory leak).
Warning in <TROOT::Append>: Replacing existing TH1: HANDright_p3_b4_cut (Potential memory leak).
Warning in <TROOT::Append>: Replacing existing TH1: th_p3_b4 (Potential memory leak).
Warning in <TROOT::Append>: Replacing existing TH1: ph_p3_b4 (Potential memory leak).
Warning in <TROOT::Append>: Replacing existing TH1: thph_p3_b4 (Potential memory leak).
Warning in <TROOT::Append>: Replacing existing TH1: HANDleft_p3_b5 (Potential memory leak).
Warning in <TROOT::Append>: Replacing existing TH1: HANDleft_p3_b5_cut (Potential memory leak).
Warning in <TROOT::Append>: Replacing existing TH1: HANDright_p3_b5 (Potential memory leak).
Warning in <TROOT::Append>: Replacing existing TH1: HANDright_p3_b5_cut (Potential memory leak).
Warning in <TROOT::Append>: Replacing existing TH1: th_p3_b5 (Potential memory leak).
Warning in <TROOT::Append>: Replacing existing TH1: ph_p3_b5 (Potential memory leak).
Warning in <TROOT::Append>: Replacing existing TH1: thph_p3_b5 (Potential memory leak).
Warning in <TROOT::Append>: Replacing existing TH1: HANDleft_p3_b6 (Potential memory leak).
Warning in <TROOT::Append>: Replacing existing TH1: HANDleft_p3_b6_cut (Potential memory leak).
Warning in <TROOT::Append>: Replacing existing TH1: HANDright_p3_b6 (Potential memory leak).
Warning in <TROOT::Append>: Replacing existing TH1: HANDright_p3_b6_cut (Potential memory leak).
Warning in <TROOT::Append>: Replacing existing TH1: th_p3_b6 (Potential memory leak).
Warning in <TROOT::Append>: Replacing existing TH1: ph_p3_b6 (Potential memory leak).
Warning in <TROOT::Append>: Replacing existing TH1: thph_p3_b6 (Potential memory leak).
Warning in <TROOT::Append>: Replacing existing TH1: HANDleft_p3_b7 (Potential memory leak).
Warning in <TROOT::Append>: Replacing existing TH1: HANDleft_p3_b7_cut (Potential memory leak).
Warning in <TROOT::Append>: Replacing existing TH1: HANDright_p3_b7 (Potential memory leak).
Warning in <TROOT::Append>: Replacing existing TH1: HANDright_p3_b7_cut (Potential memory leak).
Warning in <TROOT::Append>: Replacing existing TH1: th_p3_b7 (Potential memory leak).
Warning in <TROOT::Append>: Replacing existing TH1: ph_p3_b7 (Potential memory leak).
Warning in <TROOT::Append>: Replacing existing TH1: thph_p3_b7 (Potential memory leak).
Warning in <TROOT::Append>: Replacing existing TH1: HANDleft_p3_b8 (Potential memory leak).
Warning in <TROOT::Append>: Replacing existing TH1: HANDleft_p3_b8_cut (Potential memory leak).
Warning in <TROOT::Append>: Replacing existing TH1: HANDright_p3_b8 (Potential memory leak).
Warning in <TROOT::Append>: Replacing existing TH1: HANDright_p3_b8_cut (Potential memory leak).
Warning in <TROOT::Append>: Replacing existing TH1: th_p3_b8 (Potential memory leak).
Warning in <TROOT::Append>: Replacing existing TH1: ph_p3_b8 (Potential memory leak).
Warning in <TROOT::Append>: Replacing existing TH1: thph_p3_b8 (Potential memory leak).
Warning in <TROOT::Append>: Replacing existing TH1: HANDleft_p3_b9 (Potential memory leak).
Warning in <TROOT::Append>: Replacing existing TH1: HANDleft_p3_b9_cut (Potential memory leak).
Warning in <TROOT::Append>: Replacing existing TH1: HANDright_p3_b9 (Potential memory leak).
Warning in <TROOT::Append>: Replacing existing TH1: HANDright_p3_b9_cut (Potential memory leak).
Warning in <TROOT::Append>: Replacing existing TH1: th_p3_b9 (Potential memory leak).
Warning in <TROOT::Append>: Replacing existing TH1: ph_p3_b9 (Potential memory leak).
Warning in <TROOT::Append>: Replacing existing TH1: thph_p3_b9 (Potential memory leak).
Warning in <TROOT::Append>: Replacing existing TH1: HANDleft_p3_b10 (Potential memory leak).
Warning in <TROOT::Append>: Replacing existing TH1: HANDleft_p3_b10_cut (Potential memory leak).
Warning in <TROOT::Append>: Replacing existing TH1: HANDright_p3_b10 (Potential memory leak).
Warning in <TROOT::Append>: Replacing existing TH1: HANDright_p3_b10_cut (Potential memory leak).
Warning in <TROOT::Append>: Replacing existing TH1: th_p3_b10 (Potential memory leak).
Warning in <TROOT::Append>: Replacing existing TH1: ph_p3_b10 (Potential memory leak).
Warning in <TROOT::Append>: Replacing existing TH1: thph_p3_b10 (Potential memory leak).
Warning in <TROOT::Append>: Replacing existing TH1: HANDleft_p3_b11 (Potential memory leak).
Warning in <TROOT::Append>: Replacing existing TH1: HANDleft_p3_b11_cut (Potential memory leak).
Warning in <TROOT::Append>: Replacing existing TH1: HANDright_p3_b11 (Potential memory leak).
Warning in <TROOT::Append>: Replacing existing TH1: HANDright_p3_b11_cut (Potential memory leak).
Warning in <TROOT::Append>: Replacing existing TH1: th_p3_b11 (Potential memory leak).
Warning in <TROOT::Append>: Replacing existing TH1: ph_p3_b11 (Potential memory leak).
Warning in <TROOT::Append>: Replacing existing TH1: thph_p3_b11 (Potential memory leak).
Warning in <TROOT::Append>: Replacing existing TH1: HANDleft_p3_b12 (Potential memory leak).
Warning in <TROOT::Append>: Replacing existing TH1: HANDleft_p3_b12_cut (Potential memory leak).
Warning in <TROOT::Append>: Replacing existing TH1: HANDright_p3_b12 (Potential memory leak).
Warning in <TROOT::Append>: Replacing existing TH1: HANDright_p3_b12_cut (Potential memory leak).
Warning in <TROOT::Append>: Replacing existing TH1: th_p3_b12 (Potential memory leak).
Warning in <TROOT::Append>: Replacing existing TH1: ph_p3_b12 (Potential memory leak).
Warning in <TROOT::Append>: Replacing existing TH1: thph_p3_b12 (Potential memory leak).
Warning in <TROOT::Append>: Replacing existing TH1: HANDleft_p3_b13 (Potential memory leak).
Warning in <TROOT::Append>: Replacing existing TH1: HANDleft_p3_b13_cut (Potential memory leak).
Warning in <TROOT::Append>: Replacing existing TH1: HANDright_p3_b13 (Potential memory leak).
Warning in <TROOT::Append>: Replacing existing TH1: HANDright_p3_b13_cut (Potential memory leak).
Warning in <TROOT::Append>: Replacing existing TH1: th_p3_b13 (Potential memory leak).
Warning in <TROOT::Append>: Replacing existing TH1: ph_p3_b13 (Potential memory leak).
Warning in <TROOT::Append>: Replacing existing TH1: thph_p3_b13 (Potential memory leak).
Warning in <TROOT::Append>: Replacing existing TH1: HANDleft_p3_b14 (Potential memory leak).
Warning in <TROOT::Append>: Replacing existing TH1: HANDleft_p3_b14_cut (Potential memory leak).
Warning in <TROOT::Append>: Replacing existing TH1: HANDright_p3_b14 (Potential memory leak).
Warning in <TROOT::Append>: Replacing existing TH1: HANDright_p3_b14_cut (Potential memory leak).
Warning in <TROOT::Append>: Replacing existing TH1: th_p3_b14 (Potential memory leak).
Warning in <TROOT::Append>: Replacing existing TH1: ph_p3_b14 (Potential memory leak).
Warning in <TROOT::Append>: Replacing existing TH1: thph_p3_b14 (Potential memory leak).
Warning in <TROOT::Append>: Replacing existing TH1: HANDleft_p3_b15 (Potential memory leak).
Warning in <TROOT::Append>: Replacing existing TH1: HANDleft_p3_b15_cut (Potential memory leak).
Warning in <TROOT::Append>: Replacing existing TH1: HANDright_p3_b15 (Potential memory leak).
Warning in <TROOT::Append>: Replacing existing TH1: HANDright_p3_b15_cut (Potential memory leak).
Warning in <TROOT::Append>: Replacing existing TH1: th_p3_b15 (Potential memory leak).
Warning in <TROOT::Append>: Replacing existing TH1: ph_p3_b15 (Potential memory leak).
Warning in <TROOT::Append>: Replacing existing TH1: thph_p3_b15 (Potential memory leak).
Warning in <TROOT::Append>: Replacing existing TH1: HANDleft_p3_b16 (Potential memory leak).
Warning in <TROOT::Append>: Replacing existing TH1: HANDleft_p3_b16_cut (Potential memory leak).
Warning in <TROOT::Append>: Replacing existing TH1: HANDright_p3_b16 (Potential memory leak).
Warning in <TROOT::Append>: Replacing existing TH1: HANDright_p3_b16_cut (Potential memory leak).
Warning in <TROOT::Append>: Replacing existing TH1: th_p3_b16 (Potential memory leak).
Warning in <TROOT::Append>: Replacing existing TH1: ph_p3_b16 (Potential memory leak).
Warning in <TROOT::Append>: Replacing existing TH1: thph_p3_b16 (Potential memory leak).
Warning in <TROOT::Append>: Replacing existing TH1: HANDleft_p3_b17 (Potential memory leak).
Warning in <TROOT::Append>: Replacing existing TH1: HANDleft_p3_b17_cut (Potential memory leak).
Warning in <TROOT::Append>: Replacing existing TH1: HANDright_p3_b17 (Potential memory leak).
Warning in <TROOT::Append>: Replacing existing TH1: HANDright_p3_b17_cut (Potential memory leak).
Warning in <TROOT::Append>: Replacing existing TH1: th_p3_b17 (Potential memory leak).
Warning in <TROOT::Append>: Replacing existing TH1: ph_p3_b17 (Potential memory leak).
Warning in <TROOT::Append>: Replacing existing TH1: thph_p3_b17 (Potential memory leak).
Warning in <TROOT::Append>: Replacing existing TH1: HANDleft_p3_b18 (Potential memory leak).
Warning in <TROOT::Append>: Replacing existing TH1: HANDleft_p3_b18_cut (Potential memory leak).
Warning in <TROOT::Append>: Replacing existing TH1: HANDright_p3_b18 (Potential memory leak).
Warning in <TROOT::Append>: Replacing existing TH1: HANDright_p3_b18_cut (Potential memory leak).
Warning in <TROOT::Append>: Replacing existing TH1: th_p3_b18 (Potential memory leak).
Warning in <TROOT::Append>: Replacing existing TH1: ph_p3_b18 (Potential memory leak).
Warning in <TROOT::Append>: Replacing existing TH1: thph_p3_b18 (Potential memory leak).
Warning in <TROOT::Append>: Replacing existing TH1: HANDleft_p3_b19 (Potential memory leak).
Warning in <TROOT::Append>: Replacing existing TH1: HANDleft_p3_b19_cut (Potential memory leak).
Warning in <TROOT::Append>: Replacing existing TH1: HANDright_p3_b19 (Potential memory leak).
Warning in <TROOT::Append>: Replacing existing TH1: HANDright_p3_b19_cut (Potential memory leak).
Warning in <TROOT::Append>: Replacing existing TH1: th_p3_b19 (Potential memory leak).
Warning in <TROOT::Append>: Replacing existing TH1: ph_p3_b19 (Potential memory leak).
Warning in <TROOT::Append>: Replacing existing TH1: thph_p3_b19 (Potential memory leak).
Warning in <TROOT::Append>: Replacing existing TH1: HANDleft_p3_b20 (Potential memory leak).
Warning in <TROOT::Append>: Replacing existing TH1: HANDleft_p3_b20_cut (Potential memory leak).
Warning in <TROOT::Append>: Replacing existing TH1: HANDright_p3_b20 (Potential memory leak).
Warning in <TROOT::Append>: Replacing existing TH1: HANDright_p3_b20_cut (Potential memory leak).
Warning in <TROOT::Append>: Replacing existing TH1: th_p3_b20 (Potential memory leak).
Warning in <TROOT::Append>: Replacing existing TH1: ph_p3_b20 (Potential memory leak).
Warning in <TROOT::Append>: Replacing existing TH1: thph_p3_b20 (Potential memory leak).
Warning in <TROOT::Append>: Replacing existing TH1: HANDleft_p3_b21 (Potential memory leak).
Warning in <TROOT::Append>: Replacing existing TH1: HANDleft_p3_b21_cut (Potential memory leak).
Warning in <TROOT::Append>: Replacing existing TH1: HANDright_p3_b21 (Potential memory leak).
Warning in <TROOT::Append>: Replacing existing TH1: HANDright_p3_b21_cut (Potential memory leak).
Warning in <TROOT::Append>: Replacing existing TH1: th_p3_b21 (Potential memory leak).
Warning in <TROOT::Append>: Replacing existing TH1: ph_p3_b21 (Potential memory leak).
Warning in <TROOT::Append>: Replacing existing TH1: thph_p3_b21 (Potential memory leak).
Warning in <TROOT::Append>: Replacing existing TH1: HANDleft_p4_b0 (Potential memory leak).
Warning in <TROOT::Append>: Replacing existing TH1: HANDleft_p4_b0_cut (Potential memory leak).
Warning in <TROOT::Append>: Replacing existing TH1: HANDright_p4_b0 (Potential memory leak).
Warning in <TROOT::Append>: Replacing existing TH1: HANDright_p4_b0_cut (Potential memory leak).
Warning in <TROOT::Append>: Replacing existing TH1: th_p4_b0 (Potential memory leak).
Warning in <TROOT::Append>: Replacing existing TH1: ph_p4_b0 (Potential memory leak).
Warning in <TROOT::Append>: Replacing existing TH1: thph_p4_b0 (Potential memory leak).
Warning in <TROOT::Append>: Replacing existing TH1: HANDleft_p4_b1 (Potential memory leak).
Warning in <TROOT::Append>: Replacing existing TH1: HANDleft_p4_b1_cut (Potential memory leak).
Warning in <TROOT::Append>: Replacing existing TH1: HANDright_p4_b1 (Potential memory leak).
Warning in <TROOT::Append>: Replacing existing TH1: HANDright_p4_b1_cut (Potential memory leak).
Warning in <TROOT::Append>: Replacing existing TH1: th_p4_b1 (Potential memory leak).
Warning in <TROOT::Append>: Replacing existing TH1: ph_p4_b1 (Potential memory leak).
Warning in <TROOT::Append>: Replacing existing TH1: thph_p4_b1 (Potential memory leak).
Warning in <TROOT::Append>: Replacing existing TH1: HANDleft_p4_b2 (Potential memory leak).
Warning in <TROOT::Append>: Replacing existing TH1: HANDleft_p4_b2_cut (Potential memory leak).
Warning in <TROOT::Append>: Replacing existing TH1: HANDright_p4_b2 (Potential memory leak).
Warning in <TROOT::Append>: Replacing existing TH1: HANDright_p4_b2_cut (Potential memory leak).
Warning in <TROOT::Append>: Replacing existing TH1: th_p4_b2 (Potential memory leak).
Warning in <TROOT::Append>: Replacing existing TH1: ph_p4_b2 (Potential memory leak).
Warning in <TROOT::Append>: Replacing existing TH1: thph_p4_b2 (Potential memory leak).
Warning in <TROOT::Append>: Replacing existing TH1: HANDleft_p4_b3 (Potential memory leak).
Warning in <TROOT::Append>: Replacing existing TH1: HANDleft_p4_b3_cut (Potential memory leak).
Warning in <TROOT::Append>: Replacing existing TH1: HANDright_p4_b3 (Potential memory leak).
Warning in <TROOT::Append>: Replacing existing TH1: HANDright_p4_b3_cut (Potential memory leak).
Warning in <TROOT::Append>: Replacing existing TH1: th_p4_b3 (Potential memory leak).
Warning in <TROOT::Append>: Replacing existing TH1: ph_p4_b3 (Potential memory leak).
Warning in <TROOT::Append>: Replacing existing TH1: thph_p4_b3 (Potential memory leak).
Warning in <TROOT::Append>: Replacing existing TH1: HANDleft_p4_b4 (Potential memory leak).
Warning in <TROOT::Append>: Replacing existing TH1: HANDleft_p4_b4_cut (Potential memory leak).
Warning in <TROOT::Append>: Replacing existing TH1: HANDright_p4_b4 (Potential memory leak).
Warning in <TROOT::Append>: Replacing existing TH1: HANDright_p4_b4_cut (Potential memory leak).
Warning in <TROOT::Append>: Replacing existing TH1: th_p4_b4 (Potential memory leak).
Warning in <TROOT::Append>: Replacing existing TH1: ph_p4_b4 (Potential memory leak).
Warning in <TROOT::Append>: Replacing existing TH1: thph_p4_b4 (Potential memory leak).
Warning in <TROOT::Append>: Replacing existing TH1: HANDleft_p4_b5 (Potential memory leak).
Warning in <TROOT::Append>: Replacing existing TH1: HANDleft_p4_b5_cut (Potential memory leak).
Warning in <TROOT::Append>: Replacing existing TH1: HANDright_p4_b5 (Potential memory leak).
Warning in <TROOT::Append>: Replacing existing TH1: HANDright_p4_b5_cut (Potential memory leak).
Warning in <TROOT::Append>: Replacing existing TH1: th_p4_b5 (Potential memory leak).
Warning in <TROOT::Append>: Replacing existing TH1: ph_p4_b5 (Potential memory leak).
Warning in <TROOT::Append>: Replacing existing TH1: thph_p4_b5 (Potential memory leak).
Warning in <TROOT::Append>: Replacing existing TH1: HANDleft_p4_b6 (Potential memory leak).
Warning in <TROOT::Append>: Replacing existing TH1: HANDleft_p4_b6_cut (Potential memory leak).
Warning in <TROOT::Append>: Replacing existing TH1: HANDright_p4_b6 (Potential memory leak).
Warning in <TROOT::Append>: Replacing existing TH1: HANDright_p4_b6_cut (Potential memory leak).
Warning in <TROOT::Append>: Replacing existing TH1: th_p4_b6 (Potential memory leak).
Warning in <TROOT::Append>: Replacing existing TH1: ph_p4_b6 (Potential memory leak).
Warning in <TROOT::Append>: Replacing existing TH1: thph_p4_b6 (Potential memory leak).
Warning in <TROOT::Append>: Replacing existing TH1: HANDleft_p4_b7 (Potential memory leak).
Warning in <TROOT::Append>: Replacing existing TH1: HANDleft_p4_b7_cut (Potential memory leak).
Warning in <TROOT::Append>: Replacing existing TH1: HANDright_p4_b7 (Potential memory leak).
Warning in <TROOT::Append>: Replacing existing TH1: HANDright_p4_b7_cut (Potential memory leak).
Warning in <TROOT::Append>: Replacing existing TH1: th_p4_b7 (Potential memory leak).
Warning in <TROOT::Append>: Replacing existing TH1: ph_p4_b7 (Potential memory leak).
Warning in <TROOT::Append>: Replacing existing TH1: thph_p4_b7 (Potential memory leak).
Warning in <TROOT::Append>: Replacing existing TH1: HANDleft_p4_b8 (Potential memory leak).
Warning in <TROOT::Append>: Replacing existing TH1: HANDleft_p4_b8_cut (Potential memory leak).
Warning in <TROOT::Append>: Replacing existing TH1: HANDright_p4_b8 (Potential memory leak).
Warning in <TROOT::Append>: Replacing existing TH1: HANDright_p4_b8_cut (Potential memory leak).
Warning in <TROOT::Append>: Replacing existing TH1: th_p4_b8 (Potential memory leak).
Warning in <TROOT::Append>: Replacing existing TH1: ph_p4_b8 (Potential memory leak).
Warning in <TROOT::Append>: Replacing existing TH1: thph_p4_b8 (Potential memory leak).
Warning in <TROOT::Append>: Replacing existing TH1: HANDleft_p4_b9 (Potential memory leak).
Warning in <TROOT::Append>: Replacing existing TH1: HANDleft_p4_b9_cut (Potential memory leak).
Warning in <TROOT::Append>: Replacing existing TH1: HANDright_p4_b9 (Potential memory leak).
Warning in <TROOT::Append>: Replacing existing TH1: HANDright_p4_b9_cut (Potential memory leak).
Warning in <TROOT::Append>: Replacing existing TH1: th_p4_b9 (Potential memory leak).
Warning in <TROOT::Append>: Replacing existing TH1: ph_p4_b9 (Potential memory leak).
Warning in <TROOT::Append>: Replacing existing TH1: thph_p4_b9 (Potential memory leak).
Warning in <TROOT::Append>: Replacing existing TH1: HANDleft_p4_b10 (Potential memory leak).
Warning in <TROOT::Append>: Replacing existing TH1: HANDleft_p4_b10_cut (Potential memory leak).
Warning in <TROOT::Append>: Replacing existing TH1: HANDright_p4_b10 (Potential memory leak).
Warning in <TROOT::Append>: Replacing existing TH1: HANDright_p4_b10_cut (Potential memory leak).
Warning in <TROOT::Append>: Replacing existing TH1: th_p4_b10 (Potential memory leak).
Warning in <TROOT::Append>: Replacing existing TH1: ph_p4_b10 (Potential memory leak).
Warning in <TROOT::Append>: Replacing existing TH1: thph_p4_b10 (Potential memory leak).
Warning in <TROOT::Append>: Replacing existing TH1: HANDleft_p4_b11 (Potential memory leak).
Warning in <TROOT::Append>: Replacing existing TH1: HANDleft_p4_b11_cut (Potential memory leak).
Warning in <TROOT::Append>: Replacing existing TH1: HANDright_p4_b11 (Potential memory leak).
Warning in <TROOT::Append>: Replacing existing TH1: HANDright_p4_b11_cut (Potential memory leak).
Warning in <TROOT::Append>: Replacing existing TH1: th_p4_b11 (Potential memory leak).
Warning in <TROOT::Append>: Replacing existing TH1: ph_p4_b11 (Potential memory leak).
Warning in <TROOT::Append>: Replacing existing TH1: thph_p4_b11 (Potential memory leak).
Warning in <TROOT::Append>: Replacing existing TH1: ToFbasic (Potential memory leak).
Warning in <TROOT::Append>: Replacing existing TH1: ToFgoodEvent_Total (Potential memory leak).
Warning in <TROOT::Append>: Replacing existing TH1: ToFcut_Total (Potential memory leak).
Warning in <TROOT::Append>: Replacing existing TH1: ToFup_Total (Potential memory leak).
Warning in <TROOT::Append>: Replacing existing TH1: ToFdown_Total (Potential memory leak).
Warning in <TROOT::Append>: Replacing existing TH1: nuAllCuts_Total (Potential memory leak).
Warning in <TROOT::Append>: Replacing existing TH1: nuUpAllCuts_Total (Potential memory leak).
Warning in <TROOT::Append>: Replacing existing TH1: nuDownAllCuts_Total (Potential memory leak).
Warning in <TROOT::Append>: Replacing existing TH1: ToFgoodEvent_bin_1 (Potential memory leak).
Warning in <TROOT::Append>: Replacing existing TH1: ToFcut_bin_1 (Potential memory leak).
Warning in <TROOT::Append>: Replacing existing TH1: ToFup_bin_1 (Potential memory leak).
Warning in <TROOT::Append>: Replacing existing TH1: ToFdown_bin_1 (Potential memory leak).
Warning in <TROOT::Append>: Replacing existing TH1: nuAllCuts_bin_1 (Potential memory leak).
Warning in <TROOT::Append>: Replacing existing TH1: nuUpAllCuts_bin_1 (Potential memory leak).
Warning in <TROOT::Append>: Replacing existing TH1: nuDownAllCuts_bin_1 (Potential memory leak).
Warning in <TROOT::Append>: Replacing existing TH1: ToFgoodEvent_bin_2 (Potential memory leak).
Warning in <TROOT::Append>: Replacing existing TH1: ToFcut_bin_2 (Potential memory leak).
Warning in <TROOT::Append>: Replacing existing TH1: ToFup_bin_2 (Potential memory leak).
Warning in <TROOT::Append>: Replacing existing TH1: ToFdown_bin_2 (Potential memory leak).
Warning in <TROOT::Append>: Replacing existing TH1: nuAllCuts_bin_2 (Potential memory leak).
Warning in <TROOT::Append>: Replacing existing TH1: nuUpAllCuts_bin_2 (Potential memory leak).
Warning in <TROOT::Append>: Replacing existing TH1: nuDownAllCuts_bin_2 (Potential memory leak).
Warning in <TROOT::Append>: Replacing existing TH1: ToFgoodEvent_bin_3 (Potential memory leak).
Warning in <TROOT::Append>: Replacing existing TH1: ToFcut_bin_3 (Potential memory leak).
Warning in <TROOT::Append>: Replacing existing TH1: ToFup_bin_3 (Potential memory leak).
Warning in <TROOT::Append>: Replacing existing TH1: ToFdown_bin_3 (Potential memory leak).
Warning in <TROOT::Append>: Replacing existing TH1: nuAllCuts_bin_3 (Potential memory leak).
Warning in <TROOT::Append>: Replacing existing TH1: nuUpAllCuts_bin_3 (Potential memory leak).
Warning in <TROOT::Append>: Replacing existing TH1: nuDownAllCuts_bin_3 (Potential memory leak).
Warning in <TROOT::Append>: Replacing existing TH1: ToFgoodEvent_bin_4 (Potential memory leak).
Warning in <TROOT::Append>: Replacing existing TH1: ToFcut_bin_4 (Potential memory leak).
Warning in <TROOT::Append>: Replacing existing TH1: ToFup_bin_4 (Potential memory leak).
Warning in <TROOT::Append>: Replacing existing TH1: ToFdown_bin_4 (Potential memory leak).
Warning in <TROOT::Append>: Replacing existing TH1: nuAllCuts_bin_4 (Potential memory leak).
Warning in <TROOT::Append>: Replacing existing TH1: nuUpAllCuts_bin_4 (Potential memory leak).
Warning in <TROOT::Append>: Replacing existing TH1: nuDownAllCuts_bin_4 (Potential memory leak).
Warning in <TROOT::Append>: Replacing existing TH1: ToFgoodEvent_bin_5 (Potential memory leak).
Warning in <TROOT::Append>: Replacing existing TH1: ToFcut_bin_5 (Potential memory leak).
Warning in <TROOT::Append>: Replacing existing TH1: ToFup_bin_5 (Potential memory leak).
Warning in <TROOT::Append>: Replacing existing TH1: ToFdown_bin_5 (Potential memory leak).
Warning in <TROOT::Append>: Replacing existing TH1: nuAllCuts_bin_5 (Potential memory leak).
Warning in <TROOT::Append>: Replacing existing TH1: nuUpAllCuts_bin_5 (Potential memory leak).
Warning in <TROOT::Append>: Replacing existing TH1: nuDownAllCuts_bin_5 (Potential memory leak).
Warning in <TROOT::Append>: Replacing existing TH1: ToFgoodEvent_bin_6 (Potential memory leak).
Warning in <TROOT::Append>: Replacing existing TH1: ToFcut_bin_6 (Potential memory leak).
Warning in <TROOT::Append>: Replacing existing TH1: ToFup_bin_6 (Potential memory leak).
Warning in <TROOT::Append>: Replacing existing TH1: ToFdown_bin_6 (Potential memory leak).
Warning in <TROOT::Append>: Replacing existing TH1: nuAllCuts_bin_6 (Potential memory leak).
Warning in <TROOT::Append>: Replacing existing TH1: nuUpAllCuts_bin_6 (Potential memory leak).
Warning in <TROOT::Append>: Replacing existing TH1: nuDownAllCuts_bin_6 (Potential memory leak).
Warning in <TROOT::Append>: Replacing existing TH1: ToFgoodEvent_bin_7 (Potential memory leak).
Warning in <TROOT::Append>: Replacing existing TH1: ToFcut_bin_7 (Potential memory leak).
Warning in <TROOT::Append>: Replacing existing TH1: ToFup_bin_7 (Potential memory leak).
Warning in <TROOT::Append>: Replacing existing TH1: ToFdown_bin_7 (Potential memory leak).
Warning in <TROOT::Append>: Replacing existing TH1: nuAllCuts_bin_7 (Potential memory leak).
Warning in <TROOT::Append>: Replacing existing TH1: nuUpAllCuts_bin_7 (Potential memory leak).
Warning in <TROOT::Append>: Replacing existing TH1: nuDownAllCuts_bin_7 (Potential memory leak).
Warning in <TROOT::Append>: Replacing existing TH1: ToFgoodEvent_bin_8 (Potential memory leak).
Warning in <TROOT::Append>: Replacing existing TH1: ToFcut_bin_8 (Potential memory leak).
Warning in <TROOT::Append>: Replacing existing TH1: ToFup_bin_8 (Potential memory leak).
Warning in <TROOT::Append>: Replacing existing TH1: ToFdown_bin_8 (Potential memory leak).
Warning in <TROOT::Append>: Replacing existing TH1: nuAllCuts_bin_8 (Potential memory leak).
Warning in <TROOT::Append>: Replacing existing TH1: nuUpAllCuts_bin_8 (Potential memory leak).
Warning in <TROOT::Append>: Replacing existing TH1: nuDownAllCuts_bin_8 (Potential memory leak).
Warning in <TROOT::Append>: Replacing existing TH1: ToFgoodEvent_bin_9 (Potential memory leak).
Warning in <TROOT::Append>: Replacing existing TH1: ToFcut_bin_9 (Potential memory leak).
Warning in <TROOT::Append>: Replacing existing TH1: ToFup_bin_9 (Potential memory leak).
Warning in <TROOT::Append>: Replacing existing TH1: ToFdown_bin_9 (Potential memory leak).
Warning in <TROOT::Append>: Replacing existing TH1: nuAllCuts_bin_9 (Potential memory leak).
Warning in <TROOT::Append>: Replacing existing TH1: nuUpAllCuts_bin_9 (Potential memory leak).
Warning in <TROOT::Append>: Replacing existing TH1: nuDownAllCuts_bin_9 (Potential memory leak).
Warning in <TROOT::Append>: Replacing existing TH1: ToFgoodEvent_bin_10 (Potential memory leak).
Warning in <TROOT::Append>: Replacing existing TH1: ToFcut_bin_10 (Potential memory leak).
Warning in <TROOT::Append>: Replacing existing TH1: ToFup_bin_10 (Potential memory leak).
Warning in <TROOT::Append>: Replacing existing TH1: ToFdown_bin_10 (Potential memory leak).
Warning in <TROOT::Append>: Replacing existing TH1: nuAllCuts_bin_10 (Potential memory leak).
Warning in <TROOT::Append>: Replacing existing TH1: nuUpAllCuts_bin_10 (Potential memory leak).
Warning in <TROOT::Append>: Replacing existing TH1: nuDownAllCuts_bin_10 (Potential memory leak).
Warning in <TROOT::Append>: Replacing existing TH1: nuUp (Potential memory leak).
Warning in <TROOT::Append>: Replacing existing TH1: nuDown (Potential memory leak).
Processing cuts event-by-event...
Number of events: 2092552
maxentries = 2092552
Neutrons - Processing Event 0...
Neutrons - Processing Event 10000...
Neutrons - Processing Event 20000...
Neutrons - Processing Event 30000...
Neutrons - Processing Event 40000...
Neutrons - Processing Event 50000...
Neutrons - Processing Event 60000...
Neutrons - Processing Event 70000...
Neutrons - Processing Event 80000...
Neutrons - Processing Event 90000...
Neutrons - Processing Event 100000...
Neutrons - Processing Event 110000...
Neutrons - Processing Event 120000...
Neutrons - Processing Event 130000...
Neutrons - Processing Event 140000...
Neutrons - Processing Event 150000...
Neutrons - Processing Event 160000...
Neutrons - Processing Event 170000...
Neutrons - Processing Event 180000...
Neutrons - Processing Event 190000...
Neutrons - Processing Event 200000...
Neutrons - Processing Event 210000...
Neutrons - Processing Event 220000...
Neutrons - Processing Event 230000...
Neutrons - Processing Event 240000...
Neutrons - Processing Event 250000...
Neutrons - Processing Event 260000...
Neutrons - Processing Event 270000...
Neutrons - Processing Event 280000...
Neutrons - Processing Event 290000...
Neutrons - Processing Event 300000...
Neutrons - Processing Event 310000...
Neutrons - Processing Event 320000...
Neutrons - Processing Event 330000...
Neutrons - Processing Event 340000...
Neutrons - Processing Event 350000...
Neutrons - Processing Event 360000...
Neutrons - Processing Event 370000...
Neutrons - Processing Event 380000...
Neutrons - Processing Event 390000...
Neutrons - Processing Event 400000...
Neutrons - Processing Event 410000...
Neutrons - Processing Event 420000...
Neutrons - Processing Event 430000...
Neutrons - Processing Event 440000...
Neutrons - Processing Event 450000...
Neutrons - Processing Event 460000...
Neutrons - Processing Event 470000...
Neutrons - Processing Event 480000...
Neutrons - Processing Event 490000...
Neutrons - Processing Event 500000...
Neutrons - Processing Event 510000...
Neutrons - Processing Event 520000...
Neutrons - Processing Event 530000...
Neutrons - Processing Event 540000...
Neutrons - Processing Event 550000...
Neutrons - Processing Event 560000...
Neutrons - Processing Event 570000...
Neutrons - Processing Event 580000...
Neutrons - Processing Event 590000...
Neutrons - Processing Event 600000...
Neutrons - Processing Event 610000...
Neutrons - Processing Event 620000...
Neutrons - Processing Event 630000...
Neutrons - Processing Event 640000...
Neutrons - Processing Event 650000...
Neutrons - Processing Event 660000...
Neutrons - Processing Event 670000...
Neutrons - Processing Event 680000...
Neutrons - Processing Event 690000...
Neutrons - Processing Event 700000...
Neutrons - Processing Event 710000...
Neutrons - Processing Event 720000...
Neutrons - Processing Event 730000...
Neutrons - Processing Event 740000...
Neutrons - Processing Event 750000...
Neutrons - Processing Event 760000...
Neutrons - Processing Event 770000...
Neutrons - Processing Event 780000...
Neutrons - Processing Event 790000...
Neutrons - Processing Event 800000...
Neutrons - Processing Event 810000...
Neutrons - Processing Event 820000...
Neutrons - Processing Event 830000...
Neutrons - Processing Event 840000...
Neutrons - Processing Event 850000...
Neutrons - Processing Event 860000...
Neutrons - Processing Event 870000...
Neutrons - Processing Event 880000...
Neutrons - Processing Event 890000...
Neutrons - Processing Event 900000...
Neutrons - Processing Event 910000...
Neutrons - Processing Event 920000...
Neutrons - Processing Event 930000...
Neutrons - Processing Event 940000...
Neutrons - Processing Event 950000...
Neutrons - Processing Event 960000...
Neutrons - Processing Event 970000...
Neutrons - Processing Event 980000...
Neutrons - Processing Event 990000...
Neutrons - Processing Event 1000000...
Neutrons - Processing Event 1010000...
Neutrons - Processing Event 1020000...
Neutrons - Processing Event 1030000...
Neutrons - Processing Event 1040000...
Neutrons - Processing Event 1050000...
Neutrons - Processing Event 1060000...
Neutrons - Processing Event 1070000...
Neutrons - Processing Event 1080000...
Neutrons - Processing Event 1090000...
Neutrons - Processing Event 1100000...
Neutrons - Processing Event 1110000...
Neutrons - Processing Event 1120000...
Neutrons - Processing Event 1130000...
Neutrons - Processing Event 1140000...
Neutrons - Processing Event 1150000...
Neutrons - Processing Event 1160000...
Neutrons - Processing Event 1170000...
Neutrons - Processing Event 1180000...
Neutrons - Processing Event 1190000...
Neutrons - Processing Event 1200000...
Neutrons - Processing Event 1210000...
Neutrons - Processing Event 1220000...
Neutrons - Processing Event 1230000...
Neutrons - Processing Event 1240000...
Neutrons - Processing Event 1250000...
Neutrons - Processing Event 1260000...
Neutrons - Processing Event 1270000...
Neutrons - Processing Event 1280000...
Neutrons - Processing Event 1290000...
Neutrons - Processing Event 1300000...
Neutrons - Processing Event 1310000...
Neutrons - Processing Event 1320000...
Neutrons - Processing Event 1330000...
Neutrons - Processing Event 1340000...
Neutrons - Processing Event 1350000...
Neutrons - Processing Event 1360000...
Neutrons - Processing Event 1370000...
Neutrons - Processing Event 1380000...
Neutrons - Processing Event 1390000...
Neutrons - Processing Event 1400000...
Neutrons - Processing Event 1410000...
Neutrons - Processing Event 1420000...
Neutrons - Processing Event 1430000...
Neutrons - Processing Event 1440000...
Neutrons - Processing Event 1450000...
Neutrons - Processing Event 1460000...
Neutrons - Processing Event 1470000...
Neutrons - Processing Event 1480000...
Neutrons - Processing Event 1490000...
Neutrons - Processing Event 1500000...
Neutrons - Processing Event 1510000...
Neutrons - Processing Event 1520000...
Neutrons - Processing Event 1530000...
Neutrons - Processing Event 1540000...
Neutrons - Processing Event 1550000...
Neutrons - Processing Event 1560000...
Neutrons - Processing Event 1570000...
Neutrons - Processing Event 1580000...
Neutrons - Processing Event 1590000...
Neutrons - Processing Event 1600000...
Neutrons - Processing Event 1610000...
Neutrons - Processing Event 1620000...
Neutrons - Processing Event 1630000...
Neutrons - Processing Event 1640000...
Neutrons - Processing Event 1650000...
Neutrons - Processing Event 1660000...
Neutrons - Processing Event 1670000...
Neutrons - Processing Event 1680000...
Neutrons - Processing Event 1690000...
Neutrons - Processing Event 1700000...
Neutrons - Processing Event 1710000...
Neutrons - Processing Event 1720000...
Neutrons - Processing Event 1730000...
Neutrons - Processing Event 1740000...
Neutrons - Processing Event 1750000...
Neutrons - Processing Event 1760000...
Neutrons - Processing Event 1770000...
Neutrons - Processing Event 1780000...
Neutrons - Processing Event 1790000...
Neutrons - Processing Event 1800000...
Neutrons - Processing Event 1810000...
Neutrons - Processing Event 1820000...
Neutrons - Processing Event 1830000...
Neutrons - Processing Event 1840000...
Neutrons - Processing Event 1850000...
Neutrons - Processing Event 1860000...
Neutrons - Processing Event 1870000...
Neutrons - Processing Event 1880000...
Neutrons - Processing Event 1890000...
Neutrons - Processing Event 1900000...
Neutrons - Processing Event 1910000...
Neutrons - Processing Event 1920000...
Neutrons - Processing Event 1930000...
Neutrons - Processing Event 1940000...
Neutrons - Processing Event 1950000...
Neutrons - Processing Event 1960000...
Neutrons - Processing Event 1970000...
Neutrons - Processing Event 1980000...
Neutrons - Processing Event 1990000...
Neutrons - Processing Event 2000000...
Neutrons - Processing Event 2010000...
Neutrons - Processing Event 2020000...
Neutrons - Processing Event 2030000...
Neutrons - Processing Event 2040000...
Neutrons - Processing Event 2050000...
Neutrons - Processing Event 2060000...
Neutrons - Processing Event 2070000...
Neutrons - Processing Event 2080000...
Neutrons - Processing Event 2090000...
allEvents: 2092552
goodEvents: 394488
vvvvvvvvvvvvvvvvvvvvvvv hand_class_draw_basic.h vvvvvvvvvvvvvvvvvvvvvvvvvvvvvvvv
Warning in <TCanvas::Constructor>: Deleting canvas with same name: cutsCanvas
Drawing dp Cut, Run 20499...
Drawing Target Cut...
Drawing Theta and Phi Cut...
Drawing Preshower/Shower, No Cut...
Drawing Q2 and Nu...
Drawing Cerenkov Cut...
Drawing Preshower/Shower with All Cut...
Drawing Bjorken x ...
^^^^^^^^^^^^^^^^^^^^^^^ hand_class_draw_basic.h ^^^^^^^^^^^^^^^^^^^^^^^^^^^^^^^^
vvvvvvvvvvvvvvvvvvvvvvv hand_class_draw_tof_nu.h vvvvvvvvvvvvvvvvvvvvvvvvvvvvvvv
Making ToFCanvas_Total
Warning in <TCanvas::Constructor>: Deleting canvas with same name: ToFCanvas_Total
^^^^^^^^^^^^^^^^^^^^^^^ hand_class_draw_tof_nu.h ^^^^^^^^^^^^^^^^^^^^^^^^^^^^^^^
vvvvvvvvvvvvvvvvvvvvvvv hand_class_draw_tof_nu.h vvvvvvvvvvvvvvvvvvvvvvvvvvvvvvv
Making ToFCanvas_bin_1
Warning in <TCanvas::Constructor>: Deleting canvas with same name: ToFCanvas_bin_1
^^^^^^^^^^^^^^^^^^^^^^^ hand_class_draw_tof_nu.h ^^^^^^^^^^^^^^^^^^^^^^^^^^^^^^^
vvvvvvvvvvvvvvvvvvvvvvv hand_class_draw_tof_nu.h vvvvvvvvvvvvvvvvvvvvvvvvvvvvvvv
Making ToFCanvas_bin_2
Warning in <TCanvas::Constructor>: Deleting canvas with same name: ToFCanvas_bin_2
^^^^^^^^^^^^^^^^^^^^^^^ hand_class_draw_tof_nu.h ^^^^^^^^^^^^^^^^^^^^^^^^^^^^^^^
vvvvvvvvvvvvvvvvvvvvvvv hand_class_draw_tof_nu.h vvvvvvvvvvvvvvvvvvvvvvvvvvvvvvv
Making ToFCanvas_bin_3
Warning in <TCanvas::Constructor>: Deleting canvas with same name: ToFCanvas_bin_3
^^^^^^^^^^^^^^^^^^^^^^^ hand_class_draw_tof_nu.h ^^^^^^^^^^^^^^^^^^^^^^^^^^^^^^^
vvvvvvvvvvvvvvvvvvvvvvv hand_class_draw_tof_nu.h vvvvvvvvvvvvvvvvvvvvvvvvvvvvvvv
Making ToFCanvas_bin_4
Warning in <TCanvas::Constructor>: Deleting canvas with same name: ToFCanvas_bin_4
^^^^^^^^^^^^^^^^^^^^^^^ hand_class_draw_tof_nu.h ^^^^^^^^^^^^^^^^^^^^^^^^^^^^^^^
vvvvvvvvvvvvvvvvvvvvvvv hand_class_draw_tof_nu.h vvvvvvvvvvvvvvvvvvvvvvvvvvvvvvv
Making ToFCanvas_bin_5
Warning in <TCanvas::Constructor>: Deleting canvas with same name: ToFCanvas_bin_5
^^^^^^^^^^^^^^^^^^^^^^^ hand_class_draw_tof_nu.h ^^^^^^^^^^^^^^^^^^^^^^^^^^^^^^^
vvvvvvvvvvvvvvvvvvvvvvv hand_class_draw_tof_nu.h vvvvvvvvvvvvvvvvvvvvvvvvvvvvvvv
Making ToFCanvas_bin_6
Warning in <TCanvas::Constructor>: Deleting canvas with same name: ToFCanvas_bin_6
^^^^^^^^^^^^^^^^^^^^^^^ hand_class_draw_tof_nu.h ^^^^^^^^^^^^^^^^^^^^^^^^^^^^^^^
vvvvvvvvvvvvvvvvvvvvvvv hand_class_draw_tof_nu.h vvvvvvvvvvvvvvvvvvvvvvvvvvvvvvv
Making ToFCanvas_bin_7
Warning in <TCanvas::Constructor>: Deleting canvas with same name: ToFCanvas_bin_7
^^^^^^^^^^^^^^^^^^^^^^^ hand_class_draw_tof_nu.h ^^^^^^^^^^^^^^^^^^^^^^^^^^^^^^^
vvvvvvvvvvvvvvvvvvvvvvv hand_class_draw_tof_nu.h vvvvvvvvvvvvvvvvvvvvvvvvvvvvvvv
Making ToFCanvas_bin_8
Warning in <TCanvas::Constructor>: Deleting canvas with same name: ToFCanvas_bin_8
^^^^^^^^^^^^^^^^^^^^^^^ hand_class_draw_tof_nu.h ^^^^^^^^^^^^^^^^^^^^^^^^^^^^^^^
vvvvvvvvvvvvvvvvvvvvvvv hand_class_draw_tof_nu.h vvvvvvvvvvvvvvvvvvvvvvvvvvvvvvv
Making ToFCanvas_bin_9
Warning in <TCanvas::Constructor>: Deleting canvas with same name: ToFCanvas_bin_9
^^^^^^^^^^^^^^^^^^^^^^^ hand_class_draw_tof_nu.h ^^^^^^^^^^^^^^^^^^^^^^^^^^^^^^^
vvvvvvvvvvvvvvvvvvvvvvv hand_class_draw_tof_nu.h vvvvvvvvvvvvvvvvvvvvvvvvvvvvvvv
Making ToFCanvas_bin_10
Warning in <TCanvas::Constructor>: Deleting canvas with same name: ToFCanvas_bin_10
Warning in <TCanvas::Constructor>: Deleting canvas with same name: nuCanvas
^^^^^^^^^^^^^^^^^^^^^^^ hand_class_draw_tof_nu.h ^^^^^^^^^^^^^^^^^^^^^^^^^^^^^^^
Vetos ARE included.
Used 'Switch' statments in vetos...
Data, with Neutron Vetoes -- NO TDC CUT -- NO inGoodBar CUT
Other: Nothing Special...
Asym Type: ssa
This program has run for 91094 seconds (1 Days, 1 Hours, 18 Minutes, and 14 Seconds)

All done!

^^^^^^^^^^^^^^^^^^^^^ neutron_analysis_class.C ^^^^^^^^^^^^^^^^^^^^^^
m.AsymLoop(2) ran successfully!
Running m.AsymLoop(3)...
All done with make_target_asymmetry_class_files!
ifarmBatch3> ls -ltr
total 3744960
-rw-r--r-- 1 ellie enp          0 Feb 26 16:54 job.err
-rw-r--r-- 1 ellie enp       7952 Feb 26 16:54 hand_class_bar_th_cuts.h
-rw-r--r-- 1 ellie enp       5983 Feb 26 16:54 hand_class_draw_tof_nu.h
-rw-r--r-- 1 ellie enp       7200 Feb 26 16:54 hand_class_draw_basic.h
-rw-r--r-- 1 ellie enp       2777 Feb 26 16:54 hand_class_draw_bar_by_bar_cuts.h
-rw-r--r-- 1 ellie enp      13454 Feb 26 16:54 hand_class_basic_cuts.h
-rw-r--r-- 1 ellie enp      48330 Feb 26 16:54 hand_draw.h
-rw-r--r-- 1 ellie enp      49489 Feb 26 16:54 hand_class_veto_cuts2.h
-rw-r--r-- 1 ellie enp      50420 Feb 26 16:54 hand_class_veto_cuts.h
-rw-r--r-- 1 ellie enp      13431 Feb 26 16:54 hand_class_fill_good_events.h
-rw-r--r-- 1 ellie enp       4460 Feb 26 16:54 hand_class_fill_bar_by_bar_cuts.h
-rw-r--r-- 1 ellie enp      51601 Feb 26 16:54 neutron_analysis_class.cxx
-rw-r--r-- 1 ellie enp       2641 Feb 26 16:54 make_target_asymmetry_class_files.C
-rw-r--r-- 1 ellie enp 1513426267 Feb 26 16:55 e05102_R_20499.root
-rw-r--r-- 1 ellie enp       1726 Feb 26 16:55 job.out
-rw-r--r-- 1 ellie enp 1515063555 Feb 26 16:55 e05102_R_20499_1.root
-rw-r--r-- 1 ellie enp  805619280 Feb 26 16:55 e05102_R_20499_2.root
drwxr-xr-x 2 ellie enp         23 Feb 26 16:55 src
-rw-r--r-- 1 ellie enp          6 Feb 26 16:55 input.file
-rw-r--r-- 1 ellie enp      69400 Feb 26 16:56 neutron_analysis_class.h
-rw-r--r-- 1 ellie enp       1524 Feb 26 16:56 neutron_analysis_class.C
-rw-r--r-- 1 ellie enp          0 Feb 26 16:56 no_vetos-target_asymmetry_for_run_20499.txt
-rw-r--r-- 1 ellie enp        160 Feb 27 22:28 charge_lt_for_run_20499.txt
-rw-r--r-- 1 ellie enp     175936 Feb 27 22:28 no_vetos-hand_target_asym_vs_nu_for_run_20499.root
-rw-r--r-- 1 ellie enp          0 Feb 27 22:28 neutron_cuts-target_asymmetry_for_run_20499.txt
-rw-r--r-- 1 ellie enp     176136 Feb 28 23:46 neutron_cuts-hand_target_asym_vs_nu_for_run_20499.root
